<html>
<head>
<title>TestNG:  ShyamNarwade</title>
<link href="../testng.css" rel="stylesheet" type="text/css" />
<link href="../my-testng.css" rel="stylesheet" type="text/css" />

<style type="text/css">
.log { display: none;} 
.stack-trace { display: none;} 
</style>
<script type="text/javascript">
<!--
function flip(e) {
  current = e.style.display;
  if (current == 'block') {
    e.style.display = 'none';
    return 0;
  }
  else {
    e.style.display = 'block';
    return 1;
  }
}

function toggleBox(szDivId, elem, msg1, msg2)
{
  var res = -1;  if (document.getElementById) {
    res = flip(document.getElementById(szDivId));
  }
  else if (document.all) {
    // this is the way old msie versions work
    res = flip(document.all[szDivId]);
  }
  if(elem) {
    if(res == 0) elem.innerHTML = msg1; else elem.innerHTML = msg2;
  }

}

function toggleAllBoxes() {
  if (document.getElementsByTagName) {
    d = document.getElementsByTagName('div');
    for (i = 0; i < d.length; i++) {
      if (d[i].className == 'log') {
        flip(d[i]);
      }
    }
  }
}

// -->
</script>

</head>
<body>
<h2 align='center'>ShyamNarwade</h2><table border='1' align="center">
<tr>
<td>Tests passed/Failed/Skipped:</td><td>0/0/29</td>
</tr><tr>
<td>Started on:</td><td>Fri Sep 05 12:50:12 IST 2025</td>
</tr>
<tr><td>Total time:</td><td>3 seconds (3702 ms)</td>
</tr><tr>
<td>Included groups:</td><td></td>
</tr><tr>
<td>Excluded groups:</td><td></td>
</tr>
</table><p/>
<small><i>(Hover the method name to see the test class name)</i></small><p/>
<table width='100%' border='1' class='invocation-failed'>
<tr><td colspan='4' align='center'><b>FAILED CONFIGURATIONS</b></td></tr>
<tr><td><b>Test method</b></td>
<td width="30%"><b>Exception</b></td>
<td width="10%"><b>Time (seconds)</b></td>
<td><b>Instance</b></td>
</tr>
<tr>
<td title='Com.AxisBank.QATest.TestCases.setup()'><b>setup</b><br>Test class: Com.AxisBank.QATest.TestCases</td>
<td><div><pre>org.openqa.selenium.SessionNotCreatedException: session not created: This version of ChromeDriver only supports Chrome version 140
Current browser version is 139.0.7258.155 with binary path C:\Program Files\Google\Chrome\Application\chrome.exe
Build info: version: &apos;3.141.59&apos;, revision: &apos;e82be7d358&apos;, time: &apos;2018-11-14T08:17:03&apos;
System info: host: &apos;LPT6849&apos;, ip: &apos;192.168.100.180&apos;, os.name: &apos;Windows 11&apos;, os.arch: &apos;amd64&apos;, os.version: &apos;10.0&apos;, java.version: &apos;23.0.1&apos;
Driver info: driver.version: ChromeDriver
remote stacktrace: 	GetHandleVerifier [0x0x7ff75a89fca5+79861]
	GetHandleVerifier [0x0x7ff75a89fd00+79952]
	(No symbol) [0x0x7ff75a61cada]
	(No symbol) [0x0x7ff75a661f94]
	(No symbol) [0x0x7ff75a660fac]
	(No symbol) [0x0x7ff75a65ab6a]
	(No symbol) [0x0x7ff75a656340]
	(No symbol) [0x0x7ff75a6aa84f]
	(No symbol) [0x0x7ff75a6a9fd0]
	(No symbol) [0x0x7ff75a69c8b3]
	(No symbol) [0x0x7ff75a665272]
	(No symbol) [0x0x7ff75a666043]
	GetHandleVerifier [0x0x7ff75ab5b9dd+2946349]
	GetHandleVerifier [0x0x7ff75ab55c5a+2922410]
	GetHandleVerifier [0x0x7ff75ab759e7+3052855]
	GetHandleVerifier [0x0x7ff75a8baa8e+189918]
	GetHandleVerifier [0x0x7ff75a8c2a2f+222591]
	GetHandleVerifier [0x0x7ff75a8a8ac4+116244]
	GetHandleVerifier [0x0x7ff75a8a8c79+116681]
	GetHandleVerifier [0x0x7ff75a88f058+11176]
	BaseThreadInitThunk [0x0x7ffa6e03259d+29]
	DummyExport [0x0x7ffa21b63aee+65726]
	RtlUserThreadStart [0x0x7ffa6e2eaf78+40]

	at org.openqa.selenium.remote.W3CHandshakeResponse.lambda$errorHandler$0(W3CHandshakeResponse.java:62)
	at org.openqa.selenium.remote.HandshakeResponse.lambda$getResponseFunction$0(HandshakeResponse.java:30)
	at org.openqa.selenium.remote.ProtocolHandshake.lambda$createSession$0(ProtocolHandshake.java:126)
	at java.base/java.util.stream.ReferencePipeline$3$1.accept(ReferencePipeline.java:215)
	at java.base/java.util.Spliterators$ArraySpliterator.tryAdvance(Spliterators.java:1034)
	at java.base/java.util.stream.ReferencePipeline.forEachWithCancel(ReferencePipeline.java:147)
	at java.base/java.util.stream.AbstractPipeline.copyIntoWithCancel(AbstractPipeline.java:588)
	at java.base/java.util.stream.AbstractPipeline.copyInto(AbstractPipeline.java:574)
	at java.base/java.util.stream.AbstractPipeline.wrapAndCopyInto(AbstractPipeline.java:560)
	at java.base/java.util.stream.FindOps$FindOp.evaluateSequential(FindOps.java:150)
	at java.base/java.util.stream.AbstractPipeline.evaluate(AbstractPipeline.java:265)
	at java.base/java.util.stream.ReferencePipeline.findFirst(ReferencePipeline.java:687)
	at org.openqa.selenium.remote.ProtocolHandshake.createSession(ProtocolHandshake.java:128)
	at org.openqa.selenium.remote.ProtocolHandshake.createSession(ProtocolHandshake.java:74)
	at org.openqa.selenium.remote.HttpCommandExecutor.execute(HttpCommandExecutor.java:136)
	at org.openqa.selenium.remote.service.DriverCommandExecutor.execute(DriverCommandExecutor.java:83)
	at org.openqa.selenium.remote.RemoteWebDriver.execute(RemoteWebDriver.java:552)
	at org.openqa.selenium.remote.RemoteWebDriver.startSession(RemoteWebDriver.java:213)
	at org.openqa.selenium.remote.RemoteWebDriver.&lt;init&gt;(RemoteWebDriver.java:131)
	at org.openqa.selenium.chrome.ChromeDriver.&lt;init&gt;(ChromeDriver.java:181)
	at org.openqa.selenium.chrome.ChromeDriver.&lt;init&gt;(ChromeDriver.java:168)
	at org.openqa.selenium.chrome.ChromeDriver.&lt;init&gt;(ChromeDriver.java:123)
	at Com.AxisBankQA.Base.TestBase.CrossBrowserTesting(TestBase.java:18)
	at Com.AxisBank.QATest.TestCases.setup(TestCases.java:43)
	at org.apache.maven.surefire.testng.TestNGExecutor.run(TestNGExecutor.java:178)
	at org.apache.maven.surefire.testng.TestNGXmlTestSuite.execute(TestNGXmlTestSuite.java:92)
	at org.apache.maven.surefire.testng.TestNGProvider.invoke(TestNGProvider.java:96)
	at org.apache.maven.surefire.util.ReflectionUtils.invokeMethodWithArray2(ReflectionUtils.java:208)
	at org.apache.maven.surefire.booter.ProviderFactory$ProviderProxy.invoke(ProviderFactory.java:159)
	at org.apache.maven.surefire.booter.ProviderFactory.invokeProvider(ProviderFactory.java:87)
	at org.apache.maven.surefire.booter.ForkedBooter.runSuitesInProcess(ForkedBooter.java:153)
	at org.apache.maven.surefire.booter.ForkedBooter.main(ForkedBooter.java:95)
... Removed 25 stack frames</pre></div><a href='#' onClick='toggleBox("stack-trace1964926542", this, "Click to show all stack frames", "Click to hide stack frames")'>Click to show all stack frames</a>
<div class='stack-trace' id='stack-trace1964926542'><pre>org.openqa.selenium.SessionNotCreatedException: session not created: This version of ChromeDriver only supports Chrome version 140
Current browser version is 139.0.7258.155 with binary path C:\Program Files\Google\Chrome\Application\chrome.exe
Build info: version: '3.141.59', revision: 'e82be7d358', time: '2018-11-14T08:17:03'
System info: host: 'LPT6849', ip: '192.168.100.180', os.name: 'Windows 11', os.arch: 'amd64', os.version: '10.0', java.version: '23.0.1'
Driver info: driver.version: ChromeDriver
remote stacktrace: 	GetHandleVerifier [0x0x7ff75a89fca5+79861]
	GetHandleVerifier [0x0x7ff75a89fd00+79952]
	(No symbol) [0x0x7ff75a61cada]
	(No symbol) [0x0x7ff75a661f94]
	(No symbol) [0x0x7ff75a660fac]
	(No symbol) [0x0x7ff75a65ab6a]
	(No symbol) [0x0x7ff75a656340]
	(No symbol) [0x0x7ff75a6aa84f]
	(No symbol) [0x0x7ff75a6a9fd0]
	(No symbol) [0x0x7ff75a69c8b3]
	(No symbol) [0x0x7ff75a665272]
	(No symbol) [0x0x7ff75a666043]
	GetHandleVerifier [0x0x7ff75ab5b9dd+2946349]
	GetHandleVerifier [0x0x7ff75ab55c5a+2922410]
	GetHandleVerifier [0x0x7ff75ab759e7+3052855]
	GetHandleVerifier [0x0x7ff75a8baa8e+189918]
	GetHandleVerifier [0x0x7ff75a8c2a2f+222591]
	GetHandleVerifier [0x0x7ff75a8a8ac4+116244]
	GetHandleVerifier [0x0x7ff75a8a8c79+116681]
	GetHandleVerifier [0x0x7ff75a88f058+11176]
	BaseThreadInitThunk [0x0x7ffa6e03259d+29]
	DummyExport [0x0x7ffa21b63aee+65726]
	RtlUserThreadStart [0x0x7ffa6e2eaf78+40]

	at java.base/jdk.internal.reflect.DirectConstructorHandleAccessor.newInstance(DirectConstructorHandleAccessor.java:62)
	at java.base/java.lang.reflect.Constructor.newInstanceWithCaller(Constructor.java:501)
	at java.base/java.lang.reflect.Constructor.newInstance(Constructor.java:485)
	at org.openqa.selenium.remote.W3CHandshakeResponse.lambda$errorHandler$0(W3CHandshakeResponse.java:62)
	at org.openqa.selenium.remote.HandshakeResponse.lambda$getResponseFunction$0(HandshakeResponse.java:30)
	at org.openqa.selenium.remote.ProtocolHandshake.lambda$createSession$0(ProtocolHandshake.java:126)
	at java.base/java.util.stream.ReferencePipeline$3$1.accept(ReferencePipeline.java:215)
	at java.base/java.util.Spliterators$ArraySpliterator.tryAdvance(Spliterators.java:1034)
	at java.base/java.util.stream.ReferencePipeline.forEachWithCancel(ReferencePipeline.java:147)
	at java.base/java.util.stream.AbstractPipeline.copyIntoWithCancel(AbstractPipeline.java:588)
	at java.base/java.util.stream.AbstractPipeline.copyInto(AbstractPipeline.java:574)
	at java.base/java.util.stream.AbstractPipeline.wrapAndCopyInto(AbstractPipeline.java:560)
	at java.base/java.util.stream.FindOps$FindOp.evaluateSequential(FindOps.java:150)
	at java.base/java.util.stream.AbstractPipeline.evaluate(AbstractPipeline.java:265)
	at java.base/java.util.stream.ReferencePipeline.findFirst(ReferencePipeline.java:687)
	at org.openqa.selenium.remote.ProtocolHandshake.createSession(ProtocolHandshake.java:128)
	at org.openqa.selenium.remote.ProtocolHandshake.createSession(ProtocolHandshake.java:74)
	at org.openqa.selenium.remote.HttpCommandExecutor.execute(HttpCommandExecutor.java:136)
	at org.openqa.selenium.remote.service.DriverCommandExecutor.execute(DriverCommandExecutor.java:83)
	at org.openqa.selenium.remote.RemoteWebDriver.execute(RemoteWebDriver.java:552)
	at org.openqa.selenium.remote.RemoteWebDriver.startSession(RemoteWebDriver.java:213)
	at org.openqa.selenium.remote.RemoteWebDriver.&lt;init&gt;(RemoteWebDriver.java:131)
	at org.openqa.selenium.chrome.ChromeDriver.&lt;init&gt;(ChromeDriver.java:181)
	at org.openqa.selenium.chrome.ChromeDriver.&lt;init&gt;(ChromeDriver.java:168)
	at org.openqa.selenium.chrome.ChromeDriver.&lt;init&gt;(ChromeDriver.java:123)
	at Com.AxisBankQA.Base.TestBase.CrossBrowserTesting(TestBase.java:18)
	at Com.AxisBank.QATest.TestCases.setup(TestCases.java:43)
	at java.base/jdk.internal.reflect.DirectMethodHandleAccessor.invoke(DirectMethodHandleAccessor.java:103)
	at java.base/java.lang.reflect.Method.invoke(Method.java:580)
	at org.testng.internal.MethodInvocationHelper.invokeMethod(MethodInvocationHelper.java:80)
	at org.testng.internal.Invoker.invokeConfigurationMethod(Invoker.java:525)
	at org.testng.internal.Invoker.invokeConfigurations(Invoker.java:202)
	at org.testng.internal.Invoker.invokeConfigurations(Invoker.java:130)
	at org.testng.internal.TestMethodWorker.invokeBeforeClassMethods(TestMethodWorker.java:173)
	at org.testng.internal.TestMethodWorker.run(TestMethodWorker.java:105)
	at org.testng.TestRunner.runWorkers(TestRunner.java:1178)
	at org.testng.TestRunner.privateRun(TestRunner.java:757)
	at org.testng.TestRunner.run(TestRunner.java:608)
	at org.testng.SuiteRunner.runTest(SuiteRunner.java:334)
	at org.testng.SuiteRunner.runSequentially(SuiteRunner.java:329)
	at org.testng.SuiteRunner.privateRun(SuiteRunner.java:291)
	at org.testng.SuiteRunner.run(SuiteRunner.java:240)
	at org.testng.SuiteRunnerWorker.runSuite(SuiteRunnerWorker.java:52)
	at org.testng.SuiteRunnerWorker.run(SuiteRunnerWorker.java:86)
	at org.testng.TestNG.runSuitesSequentially(TestNG.java:1158)
	at org.testng.TestNG.runSuitesLocally(TestNG.java:1083)
	at org.testng.TestNG.run(TestNG.java:999)
	at org.apache.maven.surefire.testng.TestNGExecutor.run(TestNGExecutor.java:178)
	at org.apache.maven.surefire.testng.TestNGXmlTestSuite.execute(TestNGXmlTestSuite.java:92)
	at org.apache.maven.surefire.testng.TestNGProvider.invoke(TestNGProvider.java:96)
	at java.base/jdk.internal.reflect.DirectMethodHandleAccessor.invoke(DirectMethodHandleAccessor.java:103)
	at java.base/java.lang.reflect.Method.invoke(Method.java:580)
	at org.apache.maven.surefire.util.ReflectionUtils.invokeMethodWithArray2(ReflectionUtils.java:208)
	at org.apache.maven.surefire.booter.ProviderFactory$ProviderProxy.invoke(ProviderFactory.java:159)
	at org.apache.maven.surefire.booter.ProviderFactory.invokeProvider(ProviderFactory.java:87)
	at org.apache.maven.surefire.booter.ForkedBooter.runSuitesInProcess(ForkedBooter.java:153)
	at org.apache.maven.surefire.booter.ForkedBooter.main(ForkedBooter.java:95)
</pre></div></td>
<td>0</td>
<td>Com.AxisBank.QATest.TestCases@60099951</td></tr>
</table><p>
<table width='100%' border='1' class='invocation-skipped'>
<tr><td colspan='4' align='center'><b>SKIPPED CONFIGURATIONS</b></td></tr>
<tr><td><b>Test method</b></td>
<td width="30%"><b>Exception</b></td>
<td width="10%"><b>Time (seconds)</b></td>
<td><b>Instance</b></td>
</tr>
<tr>
<td title='Com.AxisBank.QATest.TestCases.teardown()'><b>teardown</b><br>Test class: Com.AxisBank.QATest.TestCases</td>
<td></td>
<td>0</td>
<td>Com.AxisBank.QATest.TestCases@60099951</td></tr>
</table><p>
<table width='100%' border='1' class='invocation-skipped'>
<tr><td colspan='4' align='center'><b>SKIPPED TESTS</b></td></tr>
<tr><td><b>Test method</b></td>
<td width="30%"><b>Exception</b></td>
<td width="10%"><b>Time (seconds)</b></td>
<td><b>Instance</b></td>
</tr>
<tr>
<td title='Com.AxisBank.QATest.TestCases.KYC_ScreenTest_Positive()'><b>KYC_ScreenTest_Positive</b><br>Test class: Com.AxisBank.QATest.TestCases</td>
<td></td>
<td>0</td>
<td>Com.AxisBank.QATest.TestCases@60099951</td></tr>
<tr>
<td title='Com.AxisBank.QATest.TestCases.VerifyTrasactionPage()'><b>VerifyTrasactionPage</b><br>Test class: Com.AxisBank.QATest.TestCases</td>
<td></td>
<td>0</td>
<td>Com.AxisBank.QATest.TestCases@60099951</td></tr>
<tr>
<td title='Com.AxisBank.QATest.TestCases.Verify_ApplicationDetailsPage_AddNominee()'><b>Verify_ApplicationDetailsPage_AddNominee</b><br>Test class: Com.AxisBank.QATest.TestCases</td>
<td></td>
<td>0</td>
<td>Com.AxisBank.QATest.TestCases@60099951</td></tr>
<tr>
<td title='Com.AxisBank.QATest.TestCases.Verify_ApplicationDetailsPage_Add_LOA()'><b>Verify_ApplicationDetailsPage_Add_LOA</b><br>Test class: Com.AxisBank.QATest.TestCases</td>
<td></td>
<td>0</td>
<td>Com.AxisBank.QATest.TestCases@60099951</td></tr>
<tr>
<td title='Com.AxisBank.QATest.TestCases.Verify_ApplicationDetailsPage_AddressDetails()'><b>Verify_ApplicationDetailsPage_AddressDetails</b><br>Test class: Com.AxisBank.QATest.TestCases</td>
<td></td>
<td>0</td>
<td>Com.AxisBank.QATest.TestCases@60099951</td></tr>
<tr>
<td title='Com.AxisBank.QATest.TestCases.Verify_ApplicationDetailsPage_BusinessDetails()'><b>Verify_ApplicationDetailsPage_BusinessDetails</b><br>Test class: Com.AxisBank.QATest.TestCases</td>
<td></td>
<td>0</td>
<td>Com.AxisBank.QATest.TestCases@60099951</td></tr>
<tr>
<td title='Com.AxisBank.QATest.TestCases.Verify_ApplicationDetailsPage_CreditFacilityDetails()'><b>Verify_ApplicationDetailsPage_CreditFacilityDetails</b><br>Test class: Com.AxisBank.QATest.TestCases</td>
<td></td>
<td>0</td>
<td>Com.AxisBank.QATest.TestCases@60099951</td></tr>
<tr>
<td title='Com.AxisBank.QATest.TestCases.Verify_ApplicationDetailsPage_DebitCardDetails()'><b>Verify_ApplicationDetailsPage_DebitCardDetails</b><br>Test class: Com.AxisBank.QATest.TestCases</td>
<td></td>
<td>0</td>
<td>Com.AxisBank.QATest.TestCases@60099951</td></tr>
<tr>
<td title='Com.AxisBank.QATest.TestCases.Verify_ApplicationDetailsPage_FATCA_Details()'><b>Verify_ApplicationDetailsPage_FATCA_Details</b><br>Test class: Com.AxisBank.QATest.TestCases</td>
<td></td>
<td>0</td>
<td>Com.AxisBank.QATest.TestCases@60099951</td></tr>
<tr>
<td title='Com.AxisBank.QATest.TestCases.Verify_ApplicationDetailsPage_FamilyDetails()'><b>Verify_ApplicationDetailsPage_FamilyDetails</b><br>Test class: Com.AxisBank.QATest.TestCases</td>
<td></td>
<td>0</td>
<td>Com.AxisBank.QATest.TestCases@60099951</td></tr>
<tr>
<td title='Com.AxisBank.QATest.TestCases.Verify_ApplicationDetailsPage_PersoanlDetails()'><b>Verify_ApplicationDetailsPage_PersoanlDetails</b><br>Test class: Com.AxisBank.QATest.TestCases</td>
<td></td>
<td>0</td>
<td>Com.AxisBank.QATest.TestCases@60099951</td></tr>
<tr>
<td title='Com.AxisBank.QATest.TestCases.Verify_ConfigurationPage_AccountDetails()'><b>Verify_ConfigurationPage_AccountDetails</b><br>Test class: Com.AxisBank.QATest.TestCases</td>
<td></td>
<td>0</td>
<td>Com.AxisBank.QATest.TestCases@60099951</td></tr>
<tr>
<td title='Com.AxisBank.QATest.TestCases.Verify_Credit_Facility_Details_Screen()'><b>Verify_Credit_Facility_Details_Screen</b><br>Test class: Com.AxisBank.QATest.TestCases</td>
<td></td>
<td>0</td>
<td>Com.AxisBank.QATest.TestCases@60099951</td></tr>
<tr>
<td title='Com.AxisBank.QATest.TestCases.Verify_Entity_Details_Account_Details_Screen()'><b>Verify_Entity_Details_Account_Details_Screen</b><br>Test class: Com.AxisBank.QATest.TestCases</td>
<td></td>
<td>0</td>
<td>Com.AxisBank.QATest.TestCases@60099951</td></tr>
<tr>
<td title='Com.AxisBank.QATest.TestCases.Verify_Entity_Details_Chennel_Facility_Screen()'><b>Verify_Entity_Details_Chennel_Facility_Screen</b><br>Test class: Com.AxisBank.QATest.TestCases</td>
<td></td>
<td>0</td>
<td>Com.AxisBank.QATest.TestCases@60099951</td></tr>
<tr>
<td title='Com.AxisBank.QATest.TestCases.Verify_Entity_Details_POA_Screen()'><b>Verify_Entity_Details_POA_Screen</b><br>Test class: Com.AxisBank.QATest.TestCases</td>
<td></td>
<td>0</td>
<td>Com.AxisBank.QATest.TestCases@60099951</td></tr>
<tr>
<td title='Com.AxisBank.QATest.TestCases.Verify_Entity_Details_POI_Screen()'><b>Verify_Entity_Details_POI_Screen</b><br>Test class: Com.AxisBank.QATest.TestCases</td>
<td></td>
<td>0</td>
<td>Com.AxisBank.QATest.TestCases@60099951</td></tr>
<tr>
<td title='Com.AxisBank.QATest.TestCases.Verify_Entity_Details_Profile_Sheet_Screen()'><b>Verify_Entity_Details_Profile_Sheet_Screen</b><br>Test class: Com.AxisBank.QATest.TestCases</td>
<td></td>
<td>0</td>
<td>Com.AxisBank.QATest.TestCases@60099951</td></tr>
<tr>
<td title='Com.AxisBank.QATest.TestCases.Verify_Funding_Page()'><b>Verify_Funding_Page</b><br>Test class: Com.AxisBank.QATest.TestCases</td>
<td></td>
<td>0</td>
<td>Com.AxisBank.QATest.TestCases@60099951</td></tr>
<tr>
<td title='Com.AxisBank.QATest.TestCases.Verify_LOA_ApplicationDetailsPage_AddressDetails()'><b>Verify_LOA_ApplicationDetailsPage_AddressDetails</b><br>Test class: Com.AxisBank.QATest.TestCases</td>
<td></td>
<td>0</td>
<td>Com.AxisBank.QATest.TestCases@60099951</td></tr>
<tr>
<td title='Com.AxisBank.QATest.TestCases.Verify_LOA_ApplicationDetailsPage_BusinessDetails()'><b>Verify_LOA_ApplicationDetailsPage_BusinessDetails</b><br>Test class: Com.AxisBank.QATest.TestCases</td>
<td></td>
<td>0</td>
<td>Com.AxisBank.QATest.TestCases@60099951</td></tr>
<tr>
<td title='Com.AxisBank.QATest.TestCases.Verify_LOA_ApplicationDetailsPage_DebitCardDetails()'><b>Verify_LOA_ApplicationDetailsPage_DebitCardDetails</b><br>Test class: Com.AxisBank.QATest.TestCases</td>
<td></td>
<td>0</td>
<td>Com.AxisBank.QATest.TestCases@60099951</td></tr>
<tr>
<td title='Com.AxisBank.QATest.TestCases.Verify_LOA_ApplicationDetailsPage_FATCA_Details()'><b>Verify_LOA_ApplicationDetailsPage_FATCA_Details</b><br>Test class: Com.AxisBank.QATest.TestCases</td>
<td></td>
<td>0</td>
<td>Com.AxisBank.QATest.TestCases@60099951</td></tr>
<tr>
<td title='Com.AxisBank.QATest.TestCases.Verify_LOA_ApplicationDetailsPage_FamilyDetails()'><b>Verify_LOA_ApplicationDetailsPage_FamilyDetails</b><br>Test class: Com.AxisBank.QATest.TestCases</td>
<td></td>
<td>0</td>
<td>Com.AxisBank.QATest.TestCases@60099951</td></tr>
<tr>
<td title='Com.AxisBank.QATest.TestCases.Verify_LOA_Application_DetailsPage_PersonalDetails()'><b>Verify_LOA_Application_DetailsPage_PersonalDetails</b><br>Test class: Com.AxisBank.QATest.TestCases</td>
<td></td>
<td>0</td>
<td>Com.AxisBank.QATest.TestCases@60099951</td></tr>
<tr>
<td title='Com.AxisBank.QATest.TestCases.Verify_LOA_KYC_Screen()'><b>Verify_LOA_KYC_Screen</b><br>Test class: Com.AxisBank.QATest.TestCases</td>
<td></td>
<td>0</td>
<td>Com.AxisBank.QATest.TestCases@60099951</td></tr>
<tr>
<td title='Com.AxisBank.QATest.TestCases.Verify_VKYC_Page_SendVKYC()'><b>Verify_VKYC_Page_SendVKYC</b><br>Test class: Com.AxisBank.QATest.TestCases</td>
<td></td>
<td>0</td>
<td>Com.AxisBank.QATest.TestCases@60099951</td></tr>
<tr>
<td title='Com.AxisBank.QATest.TestCases.Verify_VKYC_Page_Verification_Via_Video()'><b>Verify_VKYC_Page_Verification_Via_Video</b><br>Test class: Com.AxisBank.QATest.TestCases</td>
<td></td>
<td>0</td>
<td>Com.AxisBank.QATest.TestCases@60099951</td></tr>
<tr>
<td title='Com.AxisBank.QATest.TestCases.verify_ApplicationReviewPage()'><b>verify_ApplicationReviewPage</b><br>Test class: Com.AxisBank.QATest.TestCases</td>
<td></td>
<td>0</td>
<td>Com.AxisBank.QATest.TestCases@60099951</td></tr>
</table><p>
</body>
</html>