<?xml version="1.0" encoding="UTF-8"?>
<testsuite name="TestSuite" time="4.623" tests="31" errors="0" skipped="30" failures="1">
  <properties>
[...]
</properties>
  <testcase name="setup" classname="Com.AxisBank.QATest.TestCases" time="4.623">
    <failure message="session not created: This version of ChromeDriver only supports Chrome version 140&#10;Current browser version is 139.0.7258.155 with binary path C:\Program Files\Google\Chrome\Application\chrome.exe&#10;Build info: version: &apos;3.141.59&apos;, revision: &apos;e82be7d358&apos;, time: &apos;2018-11-14T08:17:03&apos;&#10;System info: host: &apos;LPT6849&apos;, ip: &apos;192.168.100.180&apos;, os.name: &apos;Windows 11&apos;, os.arch: &apos;amd64&apos;, os.version: &apos;10.0&apos;, java.version: &apos;23.0.1&apos;&#10;Driver info: driver.version: ChromeDriver&#10;remote stacktrace: 	GetHandleVerifier [0x0x7ff75a89fca5+79861]&#10;	GetHandleVerifier [0x0x7ff75a89fd00+79952]&#10;	(No symbol) [0x0x7ff75a61cada]&#10;	(No symbol) [0x0x7ff75a661f94]&#10;	(No symbol) [0x0x7ff75a660fac]&#10;	(No symbol) [0x0x7ff75a65ab6a]&#10;	(No symbol) [0x0x7ff75a656340]&#10;	(No symbol) [0x0x7ff75a6aa84f]&#10;	(No symbol) [0x0x7ff75a6a9fd0]&#10;	(No symbol) [0x0x7ff75a69c8b3]&#10;	(No symbol) [0x0x7ff75a665272]&#10;	(No symbol) [0x0x7ff75a666043]&#10;	GetHandleVerifier [0x0x7ff75ab5b9dd+2946349]&#10;	GetHandleVerifier [0x0x7ff75ab55c5a+2922410]&#10;	GetHandleVerifier [0x0x7ff75ab759e7+3052855]&#10;	GetHandleVerifier [0x0x7ff75a8baa8e+189918]&#10;	GetHandleVerifier [0x0x7ff75a8c2a2f+222591]&#10;	GetHandleVerifier [0x0x7ff75a8a8ac4+116244]&#10;	GetHandleVerifier [0x0x7ff75a8a8c79+116681]&#10;	GetHandleVerifier [0x0x7ff75a88f058+11176]&#10;	BaseThreadInitThunk [0x0x7ffa6e03259d+29]&#10;	DummyExport [0x0x7ffa21b63aee+65726]&#10;	RtlUserThreadStart [0x0x7ffa6e2eaf78+40]&#10;" type="org.openqa.selenium.SessionNotCreatedException"><![CDATA[org.openqa.selenium.SessionNotCreatedException: session not created: This version of ChromeDriver only supports Chrome version 140
Current browser version is 139.0.7258.155 with binary path C:\Program Files\Google\Chrome\Application\chrome.exe
Build info: version: '3.141.59', revision: 'e82be7d358', time: '2018-11-14T08:17:03'
System info: host: 'LPT6849', ip: '192.168.100.180', os.name: 'Windows 11', os.arch: 'amd64', os.version: '10.0', java.version: '23.0.1'
Driver info: driver.version: ChromeDriver
remote stacktrace: 	GetHandleVerifier [0x0x7ff75a89fca5+79861]
	GetHandleVerifier [0x0x7ff75a89fd00+79952]
	(No symbol) [0x0x7ff75a61cada]
	(No symbol) [0x0x7ff75a661f94]
	(No symbol) [0x0x7ff75a660fac]
	(No symbol) [0x0x7ff75a65ab6a]
	(No symbol) [0x0x7ff75a656340]
	(No symbol) [0x0x7ff75a6aa84f]
	(No symbol) [0x0x7ff75a6a9fd0]
	(No symbol) [0x0x7ff75a69c8b3]
	(No symbol) [0x0x7ff75a665272]
	(No symbol) [0x0x7ff75a666043]
	GetHandleVerifier [0x0x7ff75ab5b9dd+2946349]
	GetHandleVerifier [0x0x7ff75ab55c5a+2922410]
	GetHandleVerifier [0x0x7ff75ab759e7+3052855]
	GetHandleVerifier [0x0x7ff75a8baa8e+189918]
	GetHandleVerifier [0x0x7ff75a8c2a2f+222591]
	GetHandleVerifier [0x0x7ff75a8a8ac4+116244]
	GetHandleVerifier [0x0x7ff75a8a8c79+116681]
	GetHandleVerifier [0x0x7ff75a88f058+11176]
	BaseThreadInitThunk [0x0x7ffa6e03259d+29]
	DummyExport [0x0x7ffa21b63aee+65726]
	RtlUserThreadStart [0x0x7ffa6e2eaf78+40]

	at java.base/jdk.internal.reflect.DirectConstructorHandleAccessor.newInstance(DirectConstructorHandleAccessor.java:62)
	at java.base/java.lang.reflect.Constructor.newInstanceWithCaller(Constructor.java:501)
	at java.base/java.lang.reflect.Constructor.newInstance(Constructor.java:485)
	at org.openqa.selenium.remote.W3CHandshakeResponse.lambda$errorHandler$0(W3CHandshakeResponse.java:62)
	at org.openqa.selenium.remote.HandshakeResponse.lambda$getResponseFunction$0(HandshakeResponse.java:30)
	at org.openqa.selenium.remote.ProtocolHandshake.lambda$createSession$0(ProtocolHandshake.java:126)
	at java.base/java.util.stream.ReferencePipeline$3$1.accept(ReferencePipeline.java:215)
	at java.base/java.util.Spliterators$ArraySpliterator.tryAdvance(Spliterators.java:1034)
	at java.base/java.util.stream.ReferencePipeline.forEachWithCancel(ReferencePipeline.java:147)
	at java.base/java.util.stream.AbstractPipeline.copyIntoWithCancel(AbstractPipeline.java:588)
	at java.base/java.util.stream.AbstractPipeline.copyInto(AbstractPipeline.java:574)
	at java.base/java.util.stream.AbstractPipeline.wrapAndCopyInto(AbstractPipeline.java:560)
	at java.base/java.util.stream.FindOps$FindOp.evaluateSequential(FindOps.java:150)
	at java.base/java.util.stream.AbstractPipeline.evaluate(AbstractPipeline.java:265)
	at java.base/java.util.stream.ReferencePipeline.findFirst(ReferencePipeline.java:687)
	at org.openqa.selenium.remote.ProtocolHandshake.createSession(ProtocolHandshake.java:128)
	at org.openqa.selenium.remote.ProtocolHandshake.createSession(ProtocolHandshake.java:74)
	at org.openqa.selenium.remote.HttpCommandExecutor.execute(HttpCommandExecutor.java:136)
	at org.openqa.selenium.remote.service.DriverCommandExecutor.execute(DriverCommandExecutor.java:83)
	at org.openqa.selenium.remote.RemoteWebDriver.execute(RemoteWebDriver.java:552)
	at org.openqa.selenium.remote.RemoteWebDriver.startSession(RemoteWebDriver.java:213)
	at org.openqa.selenium.remote.RemoteWebDriver.<init>(RemoteWebDriver.java:131)
	at org.openqa.selenium.chrome.ChromeDriver.<init>(ChromeDriver.java:181)
	at org.openqa.selenium.chrome.ChromeDriver.<init>(ChromeDriver.java:168)
	at org.openqa.selenium.chrome.ChromeDriver.<init>(ChromeDriver.java:123)
	at Com.AxisBankQA.Base.TestBase.CrossBrowserTesting(TestBase.java:18)
	at Com.AxisBank.QATest.TestCases.setup(TestCases.java:43)
]]></failure>
    <system-err>Starting ChromeDriver 140.0.7339.80 (670b6f192f4668d2ac2c06bd77ec3e4eeda7d648-refs/branch-heads/7339_41@{#3}) on port 39174
Only local connections are allowed.
Please see https://chromedriver.chromium.org/security-considerations for suggestions on keeping ChromeDriver safe.
ChromeDriver was started successfully on port 39174.
</system-err>
  </testcase>
  <testcase name="VerifyTrasactionPage" classname="Com.AxisBank.QATest.TestCases" time="0">
    <skipped/>
  </testcase>
  <testcase name="KYC_ScreenTest_Positive" classname="Com.AxisBank.QATest.TestCases" time="0">
    <skipped/>
  </testcase>
  <testcase name="Verify_Entity_Details_POI_Screen" classname="Com.AxisBank.QATest.TestCases" time="0">
    <skipped/>
  </testcase>
  <testcase name="Verify_Entity_Details_POA_Screen" classname="Com.AxisBank.QATest.TestCases" time="0">
    <skipped/>
  </testcase>
  <testcase name="Verify_Credit_Facility_Details_Screen" classname="Com.AxisBank.QATest.TestCases" time="0">
    <skipped/>
  </testcase>
  <testcase name="Verify_Entity_Details_Account_Details_Screen" classname="Com.AxisBank.QATest.TestCases" time="0">
    <skipped/>
  </testcase>
  <testcase name="Verify_Entity_Details_Profile_Sheet_Screen" classname="Com.AxisBank.QATest.TestCases" time="0">
    <skipped/>
  </testcase>
  <testcase name="Verify_Entity_Details_Chennel_Facility_Screen" classname="Com.AxisBank.QATest.TestCases" time="0">
    <skipped/>
  </testcase>
  <testcase name="Verify_ApplicationDetailsPage_PersoanlDetails" classname="Com.AxisBank.QATest.TestCases" time="0">
    <skipped/>
  </testcase>
  <testcase name="Verify_ApplicationDetailsPage_BusinessDetails" classname="Com.AxisBank.QATest.TestCases" time="0">
    <skipped/>
  </testcase>
  <testcase name="Verify_ApplicationDetailsPage_FamilyDetails" classname="Com.AxisBank.QATest.TestCases" time="0">
    <skipped/>
  </testcase>
  <testcase name="Verify_ApplicationDetailsPage_AddressDetails" classname="Com.AxisBank.QATest.TestCases" time="0">
    <skipped/>
  </testcase>
  <testcase name="Verify_ApplicationDetailsPage_AddNominee" classname="Com.AxisBank.QATest.TestCases" time="0">
    <skipped/>
  </testcase>
  <testcase name="Verify_ApplicationDetailsPage_CreditFacilityDetails" classname="Com.AxisBank.QATest.TestCases" time="0">
    <skipped/>
  </testcase>
  <testcase name="Verify_ApplicationDetailsPage_DebitCardDetails" classname="Com.AxisBank.QATest.TestCases" time="0">
    <skipped/>
  </testcase>
  <testcase name="Verify_ApplicationDetailsPage_FATCA_Details" classname="Com.AxisBank.QATest.TestCases" time="0">
    <skipped/>
  </testcase>
  <testcase name="Verify_ApplicationDetailsPage_Add_LOA" classname="Com.AxisBank.QATest.TestCases" time="0">
    <skipped/>
  </testcase>
  <testcase name="Verify_LOA_KYC_Screen" classname="Com.AxisBank.QATest.TestCases" time="0">
    <skipped/>
  </testcase>
  <testcase name="Verify_LOA_Application_DetailsPage_PersonalDetails" classname="Com.AxisBank.QATest.TestCases" time="0">
    <skipped/>
  </testcase>
  <testcase name="Verify_LOA_ApplicationDetailsPage_BusinessDetails" classname="Com.AxisBank.QATest.TestCases" time="0">
    <skipped/>
  </testcase>
  <testcase name="Verify_LOA_ApplicationDetailsPage_FamilyDetails" classname="Com.AxisBank.QATest.TestCases" time="0">
    <skipped/>
  </testcase>
  <testcase name="Verify_LOA_ApplicationDetailsPage_AddressDetails" classname="Com.AxisBank.QATest.TestCases" time="0">
    <skipped/>
  </testcase>
  <testcase name="Verify_LOA_ApplicationDetailsPage_DebitCardDetails" classname="Com.AxisBank.QATest.TestCases" time="0">
    <skipped/>
  </testcase>
  <testcase name="Verify_LOA_ApplicationDetailsPage_FATCA_Details" classname="Com.AxisBank.QATest.TestCases" time="0">
    <skipped/>
  </testcase>
  <testcase name="verify_ApplicationReviewPage" classname="Com.AxisBank.QATest.TestCases" time="0">
    <skipped/>
  </testcase>
  <testcase name="Verify_Funding_Page" classname="Com.AxisBank.QATest.TestCases" time="0">
    <skipped/>
  </testcase>
  <testcase name="Verify_VKYC_Page_SendVKYC" classname="Com.AxisBank.QATest.TestCases" time="0">
    <skipped/>
  </testcase>
  <testcase name="Verify_VKYC_Page_Verification_Via_Video" classname="Com.AxisBank.QATest.TestCases" time="0">
    <skipped/>
  </testcase>
  <testcase name="Verify_ConfigurationPage_AccountDetails" classname="Com.AxisBank.QATest.TestCases" time="0">
    <skipped/>
  </testcase>
  <testcase name="teardown" classname="Com.AxisBank.QATest.TestCases" time="0">
    <skipped/>
  </testcase>
</testsuite>