<?xml version="1.0" encoding="UTF-8"?>
<!-- Generated by org.testng.reporters.JUnitReportReporter -->
<testsuite hostname="LPT6849" failures="29" tests="29" name="Com.AxisBank.QATest.TestCases" time="0.003" errors="0" timestamp="5 Sep 2025 07:20:16 GMT">
  <testcase classname="Com.AxisBank.QATest.TestCases" name="Verify_LOA_ApplicationDetailsPage_DebitCardDetails" time="0.000">
    <failure message="session not created: This version of ChromeDriver only supports Chrome version 140
Current browser version is 139.0.7258.155 with binary path C:\Program Files\Google\Chrome\Application\chrome.exe
Build info: version: &#039;3.141.59&#039;, revision: &#039;e82be7d358&#039;, time: &#039;2018-11-14T08:17:03&#039;
System info: host: &#039;LPT6849&#039;, ip: &#039;192.168.100.180&#039;, os.name: &#039;Windows 11&#039;, os.arch: &#039;amd64&#039;, os.version: &#039;10.0&#039;, java.version: &#039;23.0.1&#039;
Driver info: driver.version: ChromeDriver
remote stacktrace: 	GetHandleVerifier [0x0x7ff75a89fca5+79861]
	GetHandleVerifier [0x0x7ff75a89fd00+79952]
	(No symbol) [0x0x7ff75a61cada]
	(No symbol) [0x0x7ff75a661f94]
	(No symbol) [0x0x7ff75a660fac]
	(No symbol) [0x0x7ff75a65ab6a]
	(No symbol) [0x0x7ff75a656340]
	(No symbol) [0x0x7ff75a6aa84f]
	(No symbol) [0x0x7ff75a6a9fd0]
	(No symbol) [0x0x7ff75a69c8b3]
	(No symbol) [0x0x7ff75a665272]
	(No symbol) [0x0x7ff75a666043]
	GetHandleVerifier [0x0x7ff75ab5b9dd+2946349]
	GetHandleVerifier [0x0x7ff75ab55c5a+2922410]
	GetHandleVerifier [0x0x7ff75ab759e7+3052855]
	GetHandleVerifier [0x0x7ff75a8baa8e+189918]
	GetHandleVerifier [0x0x7ff75a8c2a2f+222591]
	GetHandleVerifier [0x0x7ff75a8a8ac4+116244]
	GetHandleVerifier [0x0x7ff75a8a8c79+116681]
	GetHandleVerifier [0x0x7ff75a88f058+11176]
	BaseThreadInitThunk [0x0x7ffa6e03259d+29]
	DummyExport [0x0x7ffa21b63aee+65726]
	RtlUserThreadStart [0x0x7ffa6e2eaf78+40]
" type="org.openqa.selenium.SessionNotCreatedException">
      <![CDATA[org.openqa.selenium.SessionNotCreatedException: session not created: This version of ChromeDriver only supports Chrome version 140
Current browser version is 139.0.7258.155 with binary path C:\Program Files\Google\Chrome\Application\chrome.exe
Build info: version: '3.141.59', revision: 'e82be7d358', time: '2018-11-14T08:17:03'
System info: host: 'LPT6849', ip: '192.168.100.180', os.name: 'Windows 11', os.arch: 'amd64', os.version: '10.0', java.version: '23.0.1'
Driver info: driver.version: ChromeDriver
remote stacktrace: 	GetHandleVerifier [0x0x7ff75a89fca5+79861]
	GetHandleVerifier [0x0x7ff75a89fd00+79952]
	(No symbol) [0x0x7ff75a61cada]
	(No symbol) [0x0x7ff75a661f94]
	(No symbol) [0x0x7ff75a660fac]
	(No symbol) [0x0x7ff75a65ab6a]
	(No symbol) [0x0x7ff75a656340]
	(No symbol) [0x0x7ff75a6aa84f]
	(No symbol) [0x0x7ff75a6a9fd0]
	(No symbol) [0x0x7ff75a69c8b3]
	(No symbol) [0x0x7ff75a665272]
	(No symbol) [0x0x7ff75a666043]
	GetHandleVerifier [0x0x7ff75ab5b9dd+2946349]
	GetHandleVerifier [0x0x7ff75ab55c5a+2922410]
	GetHandleVerifier [0x0x7ff75ab759e7+3052855]
	GetHandleVerifier [0x0x7ff75a8baa8e+189918]
	GetHandleVerifier [0x0x7ff75a8c2a2f+222591]
	GetHandleVerifier [0x0x7ff75a8a8ac4+116244]
	GetHandleVerifier [0x0x7ff75a8a8c79+116681]
	GetHandleVerifier [0x0x7ff75a88f058+11176]
	BaseThreadInitThunk [0x0x7ffa6e03259d+29]
	DummyExport [0x0x7ffa21b63aee+65726]
	RtlUserThreadStart [0x0x7ffa6e2eaf78+40]

	at java.base/jdk.internal.reflect.DirectConstructorHandleAccessor.newInstance(DirectConstructorHandleAccessor.java:62)
	at java.base/java.lang.reflect.Constructor.newInstanceWithCaller(Constructor.java:501)
	at java.base/java.lang.reflect.Constructor.newInstance(Constructor.java:485)
	at org.openqa.selenium.remote.W3CHandshakeResponse.lambda$errorHandler$0(W3CHandshakeResponse.java:62)
	at org.openqa.selenium.remote.HandshakeResponse.lambda$getResponseFunction$0(HandshakeResponse.java:30)
	at org.openqa.selenium.remote.ProtocolHandshake.lambda$createSession$0(ProtocolHandshake.java:126)
	at java.base/java.util.stream.ReferencePipeline$3$1.accept(ReferencePipeline.java:215)
	at java.base/java.util.Spliterators$ArraySpliterator.tryAdvance(Spliterators.java:1034)
	at java.base/java.util.stream.ReferencePipeline.forEachWithCancel(ReferencePipeline.java:147)
	at java.base/java.util.stream.AbstractPipeline.copyIntoWithCancel(AbstractPipeline.java:588)
	at java.base/java.util.stream.AbstractPipeline.copyInto(AbstractPipeline.java:574)
	at java.base/java.util.stream.AbstractPipeline.wrapAndCopyInto(AbstractPipeline.java:560)
	at java.base/java.util.stream.FindOps$FindOp.evaluateSequential(FindOps.java:150)
	at java.base/java.util.stream.AbstractPipeline.evaluate(AbstractPipeline.java:265)
	at java.base/java.util.stream.ReferencePipeline.findFirst(ReferencePipeline.java:687)
	at org.openqa.selenium.remote.ProtocolHandshake.createSession(ProtocolHandshake.java:128)
	at org.openqa.selenium.remote.ProtocolHandshake.createSession(ProtocolHandshake.java:74)
	at org.openqa.selenium.remote.HttpCommandExecutor.execute(HttpCommandExecutor.java:136)
	at org.openqa.selenium.remote.service.DriverCommandExecutor.execute(DriverCommandExecutor.java:83)
	at org.openqa.selenium.remote.RemoteWebDriver.execute(RemoteWebDriver.java:552)
	at org.openqa.selenium.remote.RemoteWebDriver.startSession(RemoteWebDriver.java:213)
	at org.openqa.selenium.remote.RemoteWebDriver.<init>(RemoteWebDriver.java:131)
	at org.openqa.selenium.chrome.ChromeDriver.<init>(ChromeDriver.java:181)
	at org.openqa.selenium.chrome.ChromeDriver.<init>(ChromeDriver.java:168)
	at org.openqa.selenium.chrome.ChromeDriver.<init>(ChromeDriver.java:123)
	at Com.AxisBankQA.Base.TestBase.CrossBrowserTesting(TestBase.java:18)
	at Com.AxisBank.QATest.TestCases.setup(TestCases.java:43)
	at java.base/jdk.internal.reflect.DirectMethodHandleAccessor.invoke(DirectMethodHandleAccessor.java:103)
	at java.base/java.lang.reflect.Method.invoke(Method.java:580)
	at org.testng.internal.MethodInvocationHelper.invokeMethod(MethodInvocationHelper.java:80)
	at org.testng.internal.Invoker.invokeConfigurationMethod(Invoker.java:525)
	at org.testng.internal.Invoker.invokeConfigurations(Invoker.java:202)
	at org.testng.internal.Invoker.invokeConfigurations(Invoker.java:130)
	at org.testng.internal.TestMethodWorker.invokeBeforeClassMethods(TestMethodWorker.java:173)
	at org.testng.internal.TestMethodWorker.run(TestMethodWorker.java:105)
	at org.testng.TestRunner.runWorkers(TestRunner.java:1178)
	at org.testng.TestRunner.privateRun(TestRunner.java:757)
	at org.testng.TestRunner.run(TestRunner.java:608)
	at org.testng.SuiteRunner.runTest(SuiteRunner.java:334)
	at org.testng.SuiteRunner.runSequentially(SuiteRunner.java:329)
	at org.testng.SuiteRunner.privateRun(SuiteRunner.java:291)
	at org.testng.SuiteRunner.run(SuiteRunner.java:240)
	at org.testng.SuiteRunnerWorker.runSuite(SuiteRunnerWorker.java:52)
	at org.testng.SuiteRunnerWorker.run(SuiteRunnerWorker.java:86)
	at org.testng.TestNG.runSuitesSequentially(TestNG.java:1158)
	at org.testng.TestNG.runSuitesLocally(TestNG.java:1083)
	at org.testng.TestNG.run(TestNG.java:999)
	at org.apache.maven.surefire.testng.TestNGExecutor.run(TestNGExecutor.java:178)
	at org.apache.maven.surefire.testng.TestNGXmlTestSuite.execute(TestNGXmlTestSuite.java:92)
	at org.apache.maven.surefire.testng.TestNGProvider.invoke(TestNGProvider.java:96)
	at java.base/jdk.internal.reflect.DirectMethodHandleAccessor.invoke(DirectMethodHandleAccessor.java:103)
	at java.base/java.lang.reflect.Method.invoke(Method.java:580)
	at org.apache.maven.surefire.util.ReflectionUtils.invokeMethodWithArray2(ReflectionUtils.java:208)
	at org.apache.maven.surefire.booter.ProviderFactory$ProviderProxy.invoke(ProviderFactory.java:159)
	at org.apache.maven.surefire.booter.ProviderFactory.invokeProvider(ProviderFactory.java:87)
	at org.apache.maven.surefire.booter.ForkedBooter.runSuitesInProcess(ForkedBooter.java:153)
	at org.apache.maven.surefire.booter.ForkedBooter.main(ForkedBooter.java:95)
]]>
    </failure>
  </testcase>
  <testcase classname="Com.AxisBank.QATest.TestCases" name="Verify_Entity_Details_Profile_Sheet_Screen" time="0.000">
    <failure message="session not created: This version of ChromeDriver only supports Chrome version 140
Current browser version is 139.0.7258.155 with binary path C:\Program Files\Google\Chrome\Application\chrome.exe
Build info: version: &#039;3.141.59&#039;, revision: &#039;e82be7d358&#039;, time: &#039;2018-11-14T08:17:03&#039;
System info: host: &#039;LPT6849&#039;, ip: &#039;192.168.100.180&#039;, os.name: &#039;Windows 11&#039;, os.arch: &#039;amd64&#039;, os.version: &#039;10.0&#039;, java.version: &#039;23.0.1&#039;
Driver info: driver.version: ChromeDriver
remote stacktrace: 	GetHandleVerifier [0x0x7ff75a89fca5+79861]
	GetHandleVerifier [0x0x7ff75a89fd00+79952]
	(No symbol) [0x0x7ff75a61cada]
	(No symbol) [0x0x7ff75a661f94]
	(No symbol) [0x0x7ff75a660fac]
	(No symbol) [0x0x7ff75a65ab6a]
	(No symbol) [0x0x7ff75a656340]
	(No symbol) [0x0x7ff75a6aa84f]
	(No symbol) [0x0x7ff75a6a9fd0]
	(No symbol) [0x0x7ff75a69c8b3]
	(No symbol) [0x0x7ff75a665272]
	(No symbol) [0x0x7ff75a666043]
	GetHandleVerifier [0x0x7ff75ab5b9dd+2946349]
	GetHandleVerifier [0x0x7ff75ab55c5a+2922410]
	GetHandleVerifier [0x0x7ff75ab759e7+3052855]
	GetHandleVerifier [0x0x7ff75a8baa8e+189918]
	GetHandleVerifier [0x0x7ff75a8c2a2f+222591]
	GetHandleVerifier [0x0x7ff75a8a8ac4+116244]
	GetHandleVerifier [0x0x7ff75a8a8c79+116681]
	GetHandleVerifier [0x0x7ff75a88f058+11176]
	BaseThreadInitThunk [0x0x7ffa6e03259d+29]
	DummyExport [0x0x7ffa21b63aee+65726]
	RtlUserThreadStart [0x0x7ffa6e2eaf78+40]
" type="org.openqa.selenium.SessionNotCreatedException">
      <![CDATA[org.openqa.selenium.SessionNotCreatedException: session not created: This version of ChromeDriver only supports Chrome version 140
Current browser version is 139.0.7258.155 with binary path C:\Program Files\Google\Chrome\Application\chrome.exe
Build info: version: '3.141.59', revision: 'e82be7d358', time: '2018-11-14T08:17:03'
System info: host: 'LPT6849', ip: '192.168.100.180', os.name: 'Windows 11', os.arch: 'amd64', os.version: '10.0', java.version: '23.0.1'
Driver info: driver.version: ChromeDriver
remote stacktrace: 	GetHandleVerifier [0x0x7ff75a89fca5+79861]
	GetHandleVerifier [0x0x7ff75a89fd00+79952]
	(No symbol) [0x0x7ff75a61cada]
	(No symbol) [0x0x7ff75a661f94]
	(No symbol) [0x0x7ff75a660fac]
	(No symbol) [0x0x7ff75a65ab6a]
	(No symbol) [0x0x7ff75a656340]
	(No symbol) [0x0x7ff75a6aa84f]
	(No symbol) [0x0x7ff75a6a9fd0]
	(No symbol) [0x0x7ff75a69c8b3]
	(No symbol) [0x0x7ff75a665272]
	(No symbol) [0x0x7ff75a666043]
	GetHandleVerifier [0x0x7ff75ab5b9dd+2946349]
	GetHandleVerifier [0x0x7ff75ab55c5a+2922410]
	GetHandleVerifier [0x0x7ff75ab759e7+3052855]
	GetHandleVerifier [0x0x7ff75a8baa8e+189918]
	GetHandleVerifier [0x0x7ff75a8c2a2f+222591]
	GetHandleVerifier [0x0x7ff75a8a8ac4+116244]
	GetHandleVerifier [0x0x7ff75a8a8c79+116681]
	GetHandleVerifier [0x0x7ff75a88f058+11176]
	BaseThreadInitThunk [0x0x7ffa6e03259d+29]
	DummyExport [0x0x7ffa21b63aee+65726]
	RtlUserThreadStart [0x0x7ffa6e2eaf78+40]

	at java.base/jdk.internal.reflect.DirectConstructorHandleAccessor.newInstance(DirectConstructorHandleAccessor.java:62)
	at java.base/java.lang.reflect.Constructor.newInstanceWithCaller(Constructor.java:501)
	at java.base/java.lang.reflect.Constructor.newInstance(Constructor.java:485)
	at org.openqa.selenium.remote.W3CHandshakeResponse.lambda$errorHandler$0(W3CHandshakeResponse.java:62)
	at org.openqa.selenium.remote.HandshakeResponse.lambda$getResponseFunction$0(HandshakeResponse.java:30)
	at org.openqa.selenium.remote.ProtocolHandshake.lambda$createSession$0(ProtocolHandshake.java:126)
	at java.base/java.util.stream.ReferencePipeline$3$1.accept(ReferencePipeline.java:215)
	at java.base/java.util.Spliterators$ArraySpliterator.tryAdvance(Spliterators.java:1034)
	at java.base/java.util.stream.ReferencePipeline.forEachWithCancel(ReferencePipeline.java:147)
	at java.base/java.util.stream.AbstractPipeline.copyIntoWithCancel(AbstractPipeline.java:588)
	at java.base/java.util.stream.AbstractPipeline.copyInto(AbstractPipeline.java:574)
	at java.base/java.util.stream.AbstractPipeline.wrapAndCopyInto(AbstractPipeline.java:560)
	at java.base/java.util.stream.FindOps$FindOp.evaluateSequential(FindOps.java:150)
	at java.base/java.util.stream.AbstractPipeline.evaluate(AbstractPipeline.java:265)
	at java.base/java.util.stream.ReferencePipeline.findFirst(ReferencePipeline.java:687)
	at org.openqa.selenium.remote.ProtocolHandshake.createSession(ProtocolHandshake.java:128)
	at org.openqa.selenium.remote.ProtocolHandshake.createSession(ProtocolHandshake.java:74)
	at org.openqa.selenium.remote.HttpCommandExecutor.execute(HttpCommandExecutor.java:136)
	at org.openqa.selenium.remote.service.DriverCommandExecutor.execute(DriverCommandExecutor.java:83)
	at org.openqa.selenium.remote.RemoteWebDriver.execute(RemoteWebDriver.java:552)
	at org.openqa.selenium.remote.RemoteWebDriver.startSession(RemoteWebDriver.java:213)
	at org.openqa.selenium.remote.RemoteWebDriver.<init>(RemoteWebDriver.java:131)
	at org.openqa.selenium.chrome.ChromeDriver.<init>(ChromeDriver.java:181)
	at org.openqa.selenium.chrome.ChromeDriver.<init>(ChromeDriver.java:168)
	at org.openqa.selenium.chrome.ChromeDriver.<init>(ChromeDriver.java:123)
	at Com.AxisBankQA.Base.TestBase.CrossBrowserTesting(TestBase.java:18)
	at Com.AxisBank.QATest.TestCases.setup(TestCases.java:43)
	at java.base/jdk.internal.reflect.DirectMethodHandleAccessor.invoke(DirectMethodHandleAccessor.java:103)
	at java.base/java.lang.reflect.Method.invoke(Method.java:580)
	at org.testng.internal.MethodInvocationHelper.invokeMethod(MethodInvocationHelper.java:80)
	at org.testng.internal.Invoker.invokeConfigurationMethod(Invoker.java:525)
	at org.testng.internal.Invoker.invokeConfigurations(Invoker.java:202)
	at org.testng.internal.Invoker.invokeConfigurations(Invoker.java:130)
	at org.testng.internal.TestMethodWorker.invokeBeforeClassMethods(TestMethodWorker.java:173)
	at org.testng.internal.TestMethodWorker.run(TestMethodWorker.java:105)
	at org.testng.TestRunner.runWorkers(TestRunner.java:1178)
	at org.testng.TestRunner.privateRun(TestRunner.java:757)
	at org.testng.TestRunner.run(TestRunner.java:608)
	at org.testng.SuiteRunner.runTest(SuiteRunner.java:334)
	at org.testng.SuiteRunner.runSequentially(SuiteRunner.java:329)
	at org.testng.SuiteRunner.privateRun(SuiteRunner.java:291)
	at org.testng.SuiteRunner.run(SuiteRunner.java:240)
	at org.testng.SuiteRunnerWorker.runSuite(SuiteRunnerWorker.java:52)
	at org.testng.SuiteRunnerWorker.run(SuiteRunnerWorker.java:86)
	at org.testng.TestNG.runSuitesSequentially(TestNG.java:1158)
	at org.testng.TestNG.runSuitesLocally(TestNG.java:1083)
	at org.testng.TestNG.run(TestNG.java:999)
	at org.apache.maven.surefire.testng.TestNGExecutor.run(TestNGExecutor.java:178)
	at org.apache.maven.surefire.testng.TestNGXmlTestSuite.execute(TestNGXmlTestSuite.java:92)
	at org.apache.maven.surefire.testng.TestNGProvider.invoke(TestNGProvider.java:96)
	at java.base/jdk.internal.reflect.DirectMethodHandleAccessor.invoke(DirectMethodHandleAccessor.java:103)
	at java.base/java.lang.reflect.Method.invoke(Method.java:580)
	at org.apache.maven.surefire.util.ReflectionUtils.invokeMethodWithArray2(ReflectionUtils.java:208)
	at org.apache.maven.surefire.booter.ProviderFactory$ProviderProxy.invoke(ProviderFactory.java:159)
	at org.apache.maven.surefire.booter.ProviderFactory.invokeProvider(ProviderFactory.java:87)
	at org.apache.maven.surefire.booter.ForkedBooter.runSuitesInProcess(ForkedBooter.java:153)
	at org.apache.maven.surefire.booter.ForkedBooter.main(ForkedBooter.java:95)
]]>
    </failure>
  </testcase>
  <testcase classname="Com.AxisBank.QATest.TestCases" name="Verify_ApplicationDetailsPage_AddressDetails" time="0.000">
    <failure message="session not created: This version of ChromeDriver only supports Chrome version 140
Current browser version is 139.0.7258.155 with binary path C:\Program Files\Google\Chrome\Application\chrome.exe
Build info: version: &#039;3.141.59&#039;, revision: &#039;e82be7d358&#039;, time: &#039;2018-11-14T08:17:03&#039;
System info: host: &#039;LPT6849&#039;, ip: &#039;192.168.100.180&#039;, os.name: &#039;Windows 11&#039;, os.arch: &#039;amd64&#039;, os.version: &#039;10.0&#039;, java.version: &#039;23.0.1&#039;
Driver info: driver.version: ChromeDriver
remote stacktrace: 	GetHandleVerifier [0x0x7ff75a89fca5+79861]
	GetHandleVerifier [0x0x7ff75a89fd00+79952]
	(No symbol) [0x0x7ff75a61cada]
	(No symbol) [0x0x7ff75a661f94]
	(No symbol) [0x0x7ff75a660fac]
	(No symbol) [0x0x7ff75a65ab6a]
	(No symbol) [0x0x7ff75a656340]
	(No symbol) [0x0x7ff75a6aa84f]
	(No symbol) [0x0x7ff75a6a9fd0]
	(No symbol) [0x0x7ff75a69c8b3]
	(No symbol) [0x0x7ff75a665272]
	(No symbol) [0x0x7ff75a666043]
	GetHandleVerifier [0x0x7ff75ab5b9dd+2946349]
	GetHandleVerifier [0x0x7ff75ab55c5a+2922410]
	GetHandleVerifier [0x0x7ff75ab759e7+3052855]
	GetHandleVerifier [0x0x7ff75a8baa8e+189918]
	GetHandleVerifier [0x0x7ff75a8c2a2f+222591]
	GetHandleVerifier [0x0x7ff75a8a8ac4+116244]
	GetHandleVerifier [0x0x7ff75a8a8c79+116681]
	GetHandleVerifier [0x0x7ff75a88f058+11176]
	BaseThreadInitThunk [0x0x7ffa6e03259d+29]
	DummyExport [0x0x7ffa21b63aee+65726]
	RtlUserThreadStart [0x0x7ffa6e2eaf78+40]
" type="org.openqa.selenium.SessionNotCreatedException">
      <![CDATA[org.openqa.selenium.SessionNotCreatedException: session not created: This version of ChromeDriver only supports Chrome version 140
Current browser version is 139.0.7258.155 with binary path C:\Program Files\Google\Chrome\Application\chrome.exe
Build info: version: '3.141.59', revision: 'e82be7d358', time: '2018-11-14T08:17:03'
System info: host: 'LPT6849', ip: '192.168.100.180', os.name: 'Windows 11', os.arch: 'amd64', os.version: '10.0', java.version: '23.0.1'
Driver info: driver.version: ChromeDriver
remote stacktrace: 	GetHandleVerifier [0x0x7ff75a89fca5+79861]
	GetHandleVerifier [0x0x7ff75a89fd00+79952]
	(No symbol) [0x0x7ff75a61cada]
	(No symbol) [0x0x7ff75a661f94]
	(No symbol) [0x0x7ff75a660fac]
	(No symbol) [0x0x7ff75a65ab6a]
	(No symbol) [0x0x7ff75a656340]
	(No symbol) [0x0x7ff75a6aa84f]
	(No symbol) [0x0x7ff75a6a9fd0]
	(No symbol) [0x0x7ff75a69c8b3]
	(No symbol) [0x0x7ff75a665272]
	(No symbol) [0x0x7ff75a666043]
	GetHandleVerifier [0x0x7ff75ab5b9dd+2946349]
	GetHandleVerifier [0x0x7ff75ab55c5a+2922410]
	GetHandleVerifier [0x0x7ff75ab759e7+3052855]
	GetHandleVerifier [0x0x7ff75a8baa8e+189918]
	GetHandleVerifier [0x0x7ff75a8c2a2f+222591]
	GetHandleVerifier [0x0x7ff75a8a8ac4+116244]
	GetHandleVerifier [0x0x7ff75a8a8c79+116681]
	GetHandleVerifier [0x0x7ff75a88f058+11176]
	BaseThreadInitThunk [0x0x7ffa6e03259d+29]
	DummyExport [0x0x7ffa21b63aee+65726]
	RtlUserThreadStart [0x0x7ffa6e2eaf78+40]

	at java.base/jdk.internal.reflect.DirectConstructorHandleAccessor.newInstance(DirectConstructorHandleAccessor.java:62)
	at java.base/java.lang.reflect.Constructor.newInstanceWithCaller(Constructor.java:501)
	at java.base/java.lang.reflect.Constructor.newInstance(Constructor.java:485)
	at org.openqa.selenium.remote.W3CHandshakeResponse.lambda$errorHandler$0(W3CHandshakeResponse.java:62)
	at org.openqa.selenium.remote.HandshakeResponse.lambda$getResponseFunction$0(HandshakeResponse.java:30)
	at org.openqa.selenium.remote.ProtocolHandshake.lambda$createSession$0(ProtocolHandshake.java:126)
	at java.base/java.util.stream.ReferencePipeline$3$1.accept(ReferencePipeline.java:215)
	at java.base/java.util.Spliterators$ArraySpliterator.tryAdvance(Spliterators.java:1034)
	at java.base/java.util.stream.ReferencePipeline.forEachWithCancel(ReferencePipeline.java:147)
	at java.base/java.util.stream.AbstractPipeline.copyIntoWithCancel(AbstractPipeline.java:588)
	at java.base/java.util.stream.AbstractPipeline.copyInto(AbstractPipeline.java:574)
	at java.base/java.util.stream.AbstractPipeline.wrapAndCopyInto(AbstractPipeline.java:560)
	at java.base/java.util.stream.FindOps$FindOp.evaluateSequential(FindOps.java:150)
	at java.base/java.util.stream.AbstractPipeline.evaluate(AbstractPipeline.java:265)
	at java.base/java.util.stream.ReferencePipeline.findFirst(ReferencePipeline.java:687)
	at org.openqa.selenium.remote.ProtocolHandshake.createSession(ProtocolHandshake.java:128)
	at org.openqa.selenium.remote.ProtocolHandshake.createSession(ProtocolHandshake.java:74)
	at org.openqa.selenium.remote.HttpCommandExecutor.execute(HttpCommandExecutor.java:136)
	at org.openqa.selenium.remote.service.DriverCommandExecutor.execute(DriverCommandExecutor.java:83)
	at org.openqa.selenium.remote.RemoteWebDriver.execute(RemoteWebDriver.java:552)
	at org.openqa.selenium.remote.RemoteWebDriver.startSession(RemoteWebDriver.java:213)
	at org.openqa.selenium.remote.RemoteWebDriver.<init>(RemoteWebDriver.java:131)
	at org.openqa.selenium.chrome.ChromeDriver.<init>(ChromeDriver.java:181)
	at org.openqa.selenium.chrome.ChromeDriver.<init>(ChromeDriver.java:168)
	at org.openqa.selenium.chrome.ChromeDriver.<init>(ChromeDriver.java:123)
	at Com.AxisBankQA.Base.TestBase.CrossBrowserTesting(TestBase.java:18)
	at Com.AxisBank.QATest.TestCases.setup(TestCases.java:43)
	at java.base/jdk.internal.reflect.DirectMethodHandleAccessor.invoke(DirectMethodHandleAccessor.java:103)
	at java.base/java.lang.reflect.Method.invoke(Method.java:580)
	at org.testng.internal.MethodInvocationHelper.invokeMethod(MethodInvocationHelper.java:80)
	at org.testng.internal.Invoker.invokeConfigurationMethod(Invoker.java:525)
	at org.testng.internal.Invoker.invokeConfigurations(Invoker.java:202)
	at org.testng.internal.Invoker.invokeConfigurations(Invoker.java:130)
	at org.testng.internal.TestMethodWorker.invokeBeforeClassMethods(TestMethodWorker.java:173)
	at org.testng.internal.TestMethodWorker.run(TestMethodWorker.java:105)
	at org.testng.TestRunner.runWorkers(TestRunner.java:1178)
	at org.testng.TestRunner.privateRun(TestRunner.java:757)
	at org.testng.TestRunner.run(TestRunner.java:608)
	at org.testng.SuiteRunner.runTest(SuiteRunner.java:334)
	at org.testng.SuiteRunner.runSequentially(SuiteRunner.java:329)
	at org.testng.SuiteRunner.privateRun(SuiteRunner.java:291)
	at org.testng.SuiteRunner.run(SuiteRunner.java:240)
	at org.testng.SuiteRunnerWorker.runSuite(SuiteRunnerWorker.java:52)
	at org.testng.SuiteRunnerWorker.run(SuiteRunnerWorker.java:86)
	at org.testng.TestNG.runSuitesSequentially(TestNG.java:1158)
	at org.testng.TestNG.runSuitesLocally(TestNG.java:1083)
	at org.testng.TestNG.run(TestNG.java:999)
	at org.apache.maven.surefire.testng.TestNGExecutor.run(TestNGExecutor.java:178)
	at org.apache.maven.surefire.testng.TestNGXmlTestSuite.execute(TestNGXmlTestSuite.java:92)
	at org.apache.maven.surefire.testng.TestNGProvider.invoke(TestNGProvider.java:96)
	at java.base/jdk.internal.reflect.DirectMethodHandleAccessor.invoke(DirectMethodHandleAccessor.java:103)
	at java.base/java.lang.reflect.Method.invoke(Method.java:580)
	at org.apache.maven.surefire.util.ReflectionUtils.invokeMethodWithArray2(ReflectionUtils.java:208)
	at org.apache.maven.surefire.booter.ProviderFactory$ProviderProxy.invoke(ProviderFactory.java:159)
	at org.apache.maven.surefire.booter.ProviderFactory.invokeProvider(ProviderFactory.java:87)
	at org.apache.maven.surefire.booter.ForkedBooter.runSuitesInProcess(ForkedBooter.java:153)
	at org.apache.maven.surefire.booter.ForkedBooter.main(ForkedBooter.java:95)
]]>
    </failure>
  </testcase>
  <testcase classname="Com.AxisBank.QATest.TestCases" name="Verify_LOA_ApplicationDetailsPage_FATCA_Details" time="0.000">
    <failure message="session not created: This version of ChromeDriver only supports Chrome version 140
Current browser version is 139.0.7258.155 with binary path C:\Program Files\Google\Chrome\Application\chrome.exe
Build info: version: &#039;3.141.59&#039;, revision: &#039;e82be7d358&#039;, time: &#039;2018-11-14T08:17:03&#039;
System info: host: &#039;LPT6849&#039;, ip: &#039;192.168.100.180&#039;, os.name: &#039;Windows 11&#039;, os.arch: &#039;amd64&#039;, os.version: &#039;10.0&#039;, java.version: &#039;23.0.1&#039;
Driver info: driver.version: ChromeDriver
remote stacktrace: 	GetHandleVerifier [0x0x7ff75a89fca5+79861]
	GetHandleVerifier [0x0x7ff75a89fd00+79952]
	(No symbol) [0x0x7ff75a61cada]
	(No symbol) [0x0x7ff75a661f94]
	(No symbol) [0x0x7ff75a660fac]
	(No symbol) [0x0x7ff75a65ab6a]
	(No symbol) [0x0x7ff75a656340]
	(No symbol) [0x0x7ff75a6aa84f]
	(No symbol) [0x0x7ff75a6a9fd0]
	(No symbol) [0x0x7ff75a69c8b3]
	(No symbol) [0x0x7ff75a665272]
	(No symbol) [0x0x7ff75a666043]
	GetHandleVerifier [0x0x7ff75ab5b9dd+2946349]
	GetHandleVerifier [0x0x7ff75ab55c5a+2922410]
	GetHandleVerifier [0x0x7ff75ab759e7+3052855]
	GetHandleVerifier [0x0x7ff75a8baa8e+189918]
	GetHandleVerifier [0x0x7ff75a8c2a2f+222591]
	GetHandleVerifier [0x0x7ff75a8a8ac4+116244]
	GetHandleVerifier [0x0x7ff75a8a8c79+116681]
	GetHandleVerifier [0x0x7ff75a88f058+11176]
	BaseThreadInitThunk [0x0x7ffa6e03259d+29]
	DummyExport [0x0x7ffa21b63aee+65726]
	RtlUserThreadStart [0x0x7ffa6e2eaf78+40]
" type="org.openqa.selenium.SessionNotCreatedException">
      <![CDATA[org.openqa.selenium.SessionNotCreatedException: session not created: This version of ChromeDriver only supports Chrome version 140
Current browser version is 139.0.7258.155 with binary path C:\Program Files\Google\Chrome\Application\chrome.exe
Build info: version: '3.141.59', revision: 'e82be7d358', time: '2018-11-14T08:17:03'
System info: host: 'LPT6849', ip: '192.168.100.180', os.name: 'Windows 11', os.arch: 'amd64', os.version: '10.0', java.version: '23.0.1'
Driver info: driver.version: ChromeDriver
remote stacktrace: 	GetHandleVerifier [0x0x7ff75a89fca5+79861]
	GetHandleVerifier [0x0x7ff75a89fd00+79952]
	(No symbol) [0x0x7ff75a61cada]
	(No symbol) [0x0x7ff75a661f94]
	(No symbol) [0x0x7ff75a660fac]
	(No symbol) [0x0x7ff75a65ab6a]
	(No symbol) [0x0x7ff75a656340]
	(No symbol) [0x0x7ff75a6aa84f]
	(No symbol) [0x0x7ff75a6a9fd0]
	(No symbol) [0x0x7ff75a69c8b3]
	(No symbol) [0x0x7ff75a665272]
	(No symbol) [0x0x7ff75a666043]
	GetHandleVerifier [0x0x7ff75ab5b9dd+2946349]
	GetHandleVerifier [0x0x7ff75ab55c5a+2922410]
	GetHandleVerifier [0x0x7ff75ab759e7+3052855]
	GetHandleVerifier [0x0x7ff75a8baa8e+189918]
	GetHandleVerifier [0x0x7ff75a8c2a2f+222591]
	GetHandleVerifier [0x0x7ff75a8a8ac4+116244]
	GetHandleVerifier [0x0x7ff75a8a8c79+116681]
	GetHandleVerifier [0x0x7ff75a88f058+11176]
	BaseThreadInitThunk [0x0x7ffa6e03259d+29]
	DummyExport [0x0x7ffa21b63aee+65726]
	RtlUserThreadStart [0x0x7ffa6e2eaf78+40]

	at java.base/jdk.internal.reflect.DirectConstructorHandleAccessor.newInstance(DirectConstructorHandleAccessor.java:62)
	at java.base/java.lang.reflect.Constructor.newInstanceWithCaller(Constructor.java:501)
	at java.base/java.lang.reflect.Constructor.newInstance(Constructor.java:485)
	at org.openqa.selenium.remote.W3CHandshakeResponse.lambda$errorHandler$0(W3CHandshakeResponse.java:62)
	at org.openqa.selenium.remote.HandshakeResponse.lambda$getResponseFunction$0(HandshakeResponse.java:30)
	at org.openqa.selenium.remote.ProtocolHandshake.lambda$createSession$0(ProtocolHandshake.java:126)
	at java.base/java.util.stream.ReferencePipeline$3$1.accept(ReferencePipeline.java:215)
	at java.base/java.util.Spliterators$ArraySpliterator.tryAdvance(Spliterators.java:1034)
	at java.base/java.util.stream.ReferencePipeline.forEachWithCancel(ReferencePipeline.java:147)
	at java.base/java.util.stream.AbstractPipeline.copyIntoWithCancel(AbstractPipeline.java:588)
	at java.base/java.util.stream.AbstractPipeline.copyInto(AbstractPipeline.java:574)
	at java.base/java.util.stream.AbstractPipeline.wrapAndCopyInto(AbstractPipeline.java:560)
	at java.base/java.util.stream.FindOps$FindOp.evaluateSequential(FindOps.java:150)
	at java.base/java.util.stream.AbstractPipeline.evaluate(AbstractPipeline.java:265)
	at java.base/java.util.stream.ReferencePipeline.findFirst(ReferencePipeline.java:687)
	at org.openqa.selenium.remote.ProtocolHandshake.createSession(ProtocolHandshake.java:128)
	at org.openqa.selenium.remote.ProtocolHandshake.createSession(ProtocolHandshake.java:74)
	at org.openqa.selenium.remote.HttpCommandExecutor.execute(HttpCommandExecutor.java:136)
	at org.openqa.selenium.remote.service.DriverCommandExecutor.execute(DriverCommandExecutor.java:83)
	at org.openqa.selenium.remote.RemoteWebDriver.execute(RemoteWebDriver.java:552)
	at org.openqa.selenium.remote.RemoteWebDriver.startSession(RemoteWebDriver.java:213)
	at org.openqa.selenium.remote.RemoteWebDriver.<init>(RemoteWebDriver.java:131)
	at org.openqa.selenium.chrome.ChromeDriver.<init>(ChromeDriver.java:181)
	at org.openqa.selenium.chrome.ChromeDriver.<init>(ChromeDriver.java:168)
	at org.openqa.selenium.chrome.ChromeDriver.<init>(ChromeDriver.java:123)
	at Com.AxisBankQA.Base.TestBase.CrossBrowserTesting(TestBase.java:18)
	at Com.AxisBank.QATest.TestCases.setup(TestCases.java:43)
	at java.base/jdk.internal.reflect.DirectMethodHandleAccessor.invoke(DirectMethodHandleAccessor.java:103)
	at java.base/java.lang.reflect.Method.invoke(Method.java:580)
	at org.testng.internal.MethodInvocationHelper.invokeMethod(MethodInvocationHelper.java:80)
	at org.testng.internal.Invoker.invokeConfigurationMethod(Invoker.java:525)
	at org.testng.internal.Invoker.invokeConfigurations(Invoker.java:202)
	at org.testng.internal.Invoker.invokeConfigurations(Invoker.java:130)
	at org.testng.internal.TestMethodWorker.invokeBeforeClassMethods(TestMethodWorker.java:173)
	at org.testng.internal.TestMethodWorker.run(TestMethodWorker.java:105)
	at org.testng.TestRunner.runWorkers(TestRunner.java:1178)
	at org.testng.TestRunner.privateRun(TestRunner.java:757)
	at org.testng.TestRunner.run(TestRunner.java:608)
	at org.testng.SuiteRunner.runTest(SuiteRunner.java:334)
	at org.testng.SuiteRunner.runSequentially(SuiteRunner.java:329)
	at org.testng.SuiteRunner.privateRun(SuiteRunner.java:291)
	at org.testng.SuiteRunner.run(SuiteRunner.java:240)
	at org.testng.SuiteRunnerWorker.runSuite(SuiteRunnerWorker.java:52)
	at org.testng.SuiteRunnerWorker.run(SuiteRunnerWorker.java:86)
	at org.testng.TestNG.runSuitesSequentially(TestNG.java:1158)
	at org.testng.TestNG.runSuitesLocally(TestNG.java:1083)
	at org.testng.TestNG.run(TestNG.java:999)
	at org.apache.maven.surefire.testng.TestNGExecutor.run(TestNGExecutor.java:178)
	at org.apache.maven.surefire.testng.TestNGXmlTestSuite.execute(TestNGXmlTestSuite.java:92)
	at org.apache.maven.surefire.testng.TestNGProvider.invoke(TestNGProvider.java:96)
	at java.base/jdk.internal.reflect.DirectMethodHandleAccessor.invoke(DirectMethodHandleAccessor.java:103)
	at java.base/java.lang.reflect.Method.invoke(Method.java:580)
	at org.apache.maven.surefire.util.ReflectionUtils.invokeMethodWithArray2(ReflectionUtils.java:208)
	at org.apache.maven.surefire.booter.ProviderFactory$ProviderProxy.invoke(ProviderFactory.java:159)
	at org.apache.maven.surefire.booter.ProviderFactory.invokeProvider(ProviderFactory.java:87)
	at org.apache.maven.surefire.booter.ForkedBooter.runSuitesInProcess(ForkedBooter.java:153)
	at org.apache.maven.surefire.booter.ForkedBooter.main(ForkedBooter.java:95)
]]>
    </failure>
  </testcase>
  <testcase classname="Com.AxisBank.QATest.TestCases" name="Verify_ApplicationDetailsPage_FamilyDetails" time="0.000">
    <failure message="session not created: This version of ChromeDriver only supports Chrome version 140
Current browser version is 139.0.7258.155 with binary path C:\Program Files\Google\Chrome\Application\chrome.exe
Build info: version: &#039;3.141.59&#039;, revision: &#039;e82be7d358&#039;, time: &#039;2018-11-14T08:17:03&#039;
System info: host: &#039;LPT6849&#039;, ip: &#039;192.168.100.180&#039;, os.name: &#039;Windows 11&#039;, os.arch: &#039;amd64&#039;, os.version: &#039;10.0&#039;, java.version: &#039;23.0.1&#039;
Driver info: driver.version: ChromeDriver
remote stacktrace: 	GetHandleVerifier [0x0x7ff75a89fca5+79861]
	GetHandleVerifier [0x0x7ff75a89fd00+79952]
	(No symbol) [0x0x7ff75a61cada]
	(No symbol) [0x0x7ff75a661f94]
	(No symbol) [0x0x7ff75a660fac]
	(No symbol) [0x0x7ff75a65ab6a]
	(No symbol) [0x0x7ff75a656340]
	(No symbol) [0x0x7ff75a6aa84f]
	(No symbol) [0x0x7ff75a6a9fd0]
	(No symbol) [0x0x7ff75a69c8b3]
	(No symbol) [0x0x7ff75a665272]
	(No symbol) [0x0x7ff75a666043]
	GetHandleVerifier [0x0x7ff75ab5b9dd+2946349]
	GetHandleVerifier [0x0x7ff75ab55c5a+2922410]
	GetHandleVerifier [0x0x7ff75ab759e7+3052855]
	GetHandleVerifier [0x0x7ff75a8baa8e+189918]
	GetHandleVerifier [0x0x7ff75a8c2a2f+222591]
	GetHandleVerifier [0x0x7ff75a8a8ac4+116244]
	GetHandleVerifier [0x0x7ff75a8a8c79+116681]
	GetHandleVerifier [0x0x7ff75a88f058+11176]
	BaseThreadInitThunk [0x0x7ffa6e03259d+29]
	DummyExport [0x0x7ffa21b63aee+65726]
	RtlUserThreadStart [0x0x7ffa6e2eaf78+40]
" type="org.openqa.selenium.SessionNotCreatedException">
      <![CDATA[org.openqa.selenium.SessionNotCreatedException: session not created: This version of ChromeDriver only supports Chrome version 140
Current browser version is 139.0.7258.155 with binary path C:\Program Files\Google\Chrome\Application\chrome.exe
Build info: version: '3.141.59', revision: 'e82be7d358', time: '2018-11-14T08:17:03'
System info: host: 'LPT6849', ip: '192.168.100.180', os.name: 'Windows 11', os.arch: 'amd64', os.version: '10.0', java.version: '23.0.1'
Driver info: driver.version: ChromeDriver
remote stacktrace: 	GetHandleVerifier [0x0x7ff75a89fca5+79861]
	GetHandleVerifier [0x0x7ff75a89fd00+79952]
	(No symbol) [0x0x7ff75a61cada]
	(No symbol) [0x0x7ff75a661f94]
	(No symbol) [0x0x7ff75a660fac]
	(No symbol) [0x0x7ff75a65ab6a]
	(No symbol) [0x0x7ff75a656340]
	(No symbol) [0x0x7ff75a6aa84f]
	(No symbol) [0x0x7ff75a6a9fd0]
	(No symbol) [0x0x7ff75a69c8b3]
	(No symbol) [0x0x7ff75a665272]
	(No symbol) [0x0x7ff75a666043]
	GetHandleVerifier [0x0x7ff75ab5b9dd+2946349]
	GetHandleVerifier [0x0x7ff75ab55c5a+2922410]
	GetHandleVerifier [0x0x7ff75ab759e7+3052855]
	GetHandleVerifier [0x0x7ff75a8baa8e+189918]
	GetHandleVerifier [0x0x7ff75a8c2a2f+222591]
	GetHandleVerifier [0x0x7ff75a8a8ac4+116244]
	GetHandleVerifier [0x0x7ff75a8a8c79+116681]
	GetHandleVerifier [0x0x7ff75a88f058+11176]
	BaseThreadInitThunk [0x0x7ffa6e03259d+29]
	DummyExport [0x0x7ffa21b63aee+65726]
	RtlUserThreadStart [0x0x7ffa6e2eaf78+40]

	at java.base/jdk.internal.reflect.DirectConstructorHandleAccessor.newInstance(DirectConstructorHandleAccessor.java:62)
	at java.base/java.lang.reflect.Constructor.newInstanceWithCaller(Constructor.java:501)
	at java.base/java.lang.reflect.Constructor.newInstance(Constructor.java:485)
	at org.openqa.selenium.remote.W3CHandshakeResponse.lambda$errorHandler$0(W3CHandshakeResponse.java:62)
	at org.openqa.selenium.remote.HandshakeResponse.lambda$getResponseFunction$0(HandshakeResponse.java:30)
	at org.openqa.selenium.remote.ProtocolHandshake.lambda$createSession$0(ProtocolHandshake.java:126)
	at java.base/java.util.stream.ReferencePipeline$3$1.accept(ReferencePipeline.java:215)
	at java.base/java.util.Spliterators$ArraySpliterator.tryAdvance(Spliterators.java:1034)
	at java.base/java.util.stream.ReferencePipeline.forEachWithCancel(ReferencePipeline.java:147)
	at java.base/java.util.stream.AbstractPipeline.copyIntoWithCancel(AbstractPipeline.java:588)
	at java.base/java.util.stream.AbstractPipeline.copyInto(AbstractPipeline.java:574)
	at java.base/java.util.stream.AbstractPipeline.wrapAndCopyInto(AbstractPipeline.java:560)
	at java.base/java.util.stream.FindOps$FindOp.evaluateSequential(FindOps.java:150)
	at java.base/java.util.stream.AbstractPipeline.evaluate(AbstractPipeline.java:265)
	at java.base/java.util.stream.ReferencePipeline.findFirst(ReferencePipeline.java:687)
	at org.openqa.selenium.remote.ProtocolHandshake.createSession(ProtocolHandshake.java:128)
	at org.openqa.selenium.remote.ProtocolHandshake.createSession(ProtocolHandshake.java:74)
	at org.openqa.selenium.remote.HttpCommandExecutor.execute(HttpCommandExecutor.java:136)
	at org.openqa.selenium.remote.service.DriverCommandExecutor.execute(DriverCommandExecutor.java:83)
	at org.openqa.selenium.remote.RemoteWebDriver.execute(RemoteWebDriver.java:552)
	at org.openqa.selenium.remote.RemoteWebDriver.startSession(RemoteWebDriver.java:213)
	at org.openqa.selenium.remote.RemoteWebDriver.<init>(RemoteWebDriver.java:131)
	at org.openqa.selenium.chrome.ChromeDriver.<init>(ChromeDriver.java:181)
	at org.openqa.selenium.chrome.ChromeDriver.<init>(ChromeDriver.java:168)
	at org.openqa.selenium.chrome.ChromeDriver.<init>(ChromeDriver.java:123)
	at Com.AxisBankQA.Base.TestBase.CrossBrowserTesting(TestBase.java:18)
	at Com.AxisBank.QATest.TestCases.setup(TestCases.java:43)
	at java.base/jdk.internal.reflect.DirectMethodHandleAccessor.invoke(DirectMethodHandleAccessor.java:103)
	at java.base/java.lang.reflect.Method.invoke(Method.java:580)
	at org.testng.internal.MethodInvocationHelper.invokeMethod(MethodInvocationHelper.java:80)
	at org.testng.internal.Invoker.invokeConfigurationMethod(Invoker.java:525)
	at org.testng.internal.Invoker.invokeConfigurations(Invoker.java:202)
	at org.testng.internal.Invoker.invokeConfigurations(Invoker.java:130)
	at org.testng.internal.TestMethodWorker.invokeBeforeClassMethods(TestMethodWorker.java:173)
	at org.testng.internal.TestMethodWorker.run(TestMethodWorker.java:105)
	at org.testng.TestRunner.runWorkers(TestRunner.java:1178)
	at org.testng.TestRunner.privateRun(TestRunner.java:757)
	at org.testng.TestRunner.run(TestRunner.java:608)
	at org.testng.SuiteRunner.runTest(SuiteRunner.java:334)
	at org.testng.SuiteRunner.runSequentially(SuiteRunner.java:329)
	at org.testng.SuiteRunner.privateRun(SuiteRunner.java:291)
	at org.testng.SuiteRunner.run(SuiteRunner.java:240)
	at org.testng.SuiteRunnerWorker.runSuite(SuiteRunnerWorker.java:52)
	at org.testng.SuiteRunnerWorker.run(SuiteRunnerWorker.java:86)
	at org.testng.TestNG.runSuitesSequentially(TestNG.java:1158)
	at org.testng.TestNG.runSuitesLocally(TestNG.java:1083)
	at org.testng.TestNG.run(TestNG.java:999)
	at org.apache.maven.surefire.testng.TestNGExecutor.run(TestNGExecutor.java:178)
	at org.apache.maven.surefire.testng.TestNGXmlTestSuite.execute(TestNGXmlTestSuite.java:92)
	at org.apache.maven.surefire.testng.TestNGProvider.invoke(TestNGProvider.java:96)
	at java.base/jdk.internal.reflect.DirectMethodHandleAccessor.invoke(DirectMethodHandleAccessor.java:103)
	at java.base/java.lang.reflect.Method.invoke(Method.java:580)
	at org.apache.maven.surefire.util.ReflectionUtils.invokeMethodWithArray2(ReflectionUtils.java:208)
	at org.apache.maven.surefire.booter.ProviderFactory$ProviderProxy.invoke(ProviderFactory.java:159)
	at org.apache.maven.surefire.booter.ProviderFactory.invokeProvider(ProviderFactory.java:87)
	at org.apache.maven.surefire.booter.ForkedBooter.runSuitesInProcess(ForkedBooter.java:153)
	at org.apache.maven.surefire.booter.ForkedBooter.main(ForkedBooter.java:95)
]]>
    </failure>
  </testcase>
  <testcase classname="Com.AxisBank.QATest.TestCases" name="Verify_LOA_KYC_Screen" time="0.000">
    <failure message="session not created: This version of ChromeDriver only supports Chrome version 140
Current browser version is 139.0.7258.155 with binary path C:\Program Files\Google\Chrome\Application\chrome.exe
Build info: version: &#039;3.141.59&#039;, revision: &#039;e82be7d358&#039;, time: &#039;2018-11-14T08:17:03&#039;
System info: host: &#039;LPT6849&#039;, ip: &#039;192.168.100.180&#039;, os.name: &#039;Windows 11&#039;, os.arch: &#039;amd64&#039;, os.version: &#039;10.0&#039;, java.version: &#039;23.0.1&#039;
Driver info: driver.version: ChromeDriver
remote stacktrace: 	GetHandleVerifier [0x0x7ff75a89fca5+79861]
	GetHandleVerifier [0x0x7ff75a89fd00+79952]
	(No symbol) [0x0x7ff75a61cada]
	(No symbol) [0x0x7ff75a661f94]
	(No symbol) [0x0x7ff75a660fac]
	(No symbol) [0x0x7ff75a65ab6a]
	(No symbol) [0x0x7ff75a656340]
	(No symbol) [0x0x7ff75a6aa84f]
	(No symbol) [0x0x7ff75a6a9fd0]
	(No symbol) [0x0x7ff75a69c8b3]
	(No symbol) [0x0x7ff75a665272]
	(No symbol) [0x0x7ff75a666043]
	GetHandleVerifier [0x0x7ff75ab5b9dd+2946349]
	GetHandleVerifier [0x0x7ff75ab55c5a+2922410]
	GetHandleVerifier [0x0x7ff75ab759e7+3052855]
	GetHandleVerifier [0x0x7ff75a8baa8e+189918]
	GetHandleVerifier [0x0x7ff75a8c2a2f+222591]
	GetHandleVerifier [0x0x7ff75a8a8ac4+116244]
	GetHandleVerifier [0x0x7ff75a8a8c79+116681]
	GetHandleVerifier [0x0x7ff75a88f058+11176]
	BaseThreadInitThunk [0x0x7ffa6e03259d+29]
	DummyExport [0x0x7ffa21b63aee+65726]
	RtlUserThreadStart [0x0x7ffa6e2eaf78+40]
" type="org.openqa.selenium.SessionNotCreatedException">
      <![CDATA[org.openqa.selenium.SessionNotCreatedException: session not created: This version of ChromeDriver only supports Chrome version 140
Current browser version is 139.0.7258.155 with binary path C:\Program Files\Google\Chrome\Application\chrome.exe
Build info: version: '3.141.59', revision: 'e82be7d358', time: '2018-11-14T08:17:03'
System info: host: 'LPT6849', ip: '192.168.100.180', os.name: 'Windows 11', os.arch: 'amd64', os.version: '10.0', java.version: '23.0.1'
Driver info: driver.version: ChromeDriver
remote stacktrace: 	GetHandleVerifier [0x0x7ff75a89fca5+79861]
	GetHandleVerifier [0x0x7ff75a89fd00+79952]
	(No symbol) [0x0x7ff75a61cada]
	(No symbol) [0x0x7ff75a661f94]
	(No symbol) [0x0x7ff75a660fac]
	(No symbol) [0x0x7ff75a65ab6a]
	(No symbol) [0x0x7ff75a656340]
	(No symbol) [0x0x7ff75a6aa84f]
	(No symbol) [0x0x7ff75a6a9fd0]
	(No symbol) [0x0x7ff75a69c8b3]
	(No symbol) [0x0x7ff75a665272]
	(No symbol) [0x0x7ff75a666043]
	GetHandleVerifier [0x0x7ff75ab5b9dd+2946349]
	GetHandleVerifier [0x0x7ff75ab55c5a+2922410]
	GetHandleVerifier [0x0x7ff75ab759e7+3052855]
	GetHandleVerifier [0x0x7ff75a8baa8e+189918]
	GetHandleVerifier [0x0x7ff75a8c2a2f+222591]
	GetHandleVerifier [0x0x7ff75a8a8ac4+116244]
	GetHandleVerifier [0x0x7ff75a8a8c79+116681]
	GetHandleVerifier [0x0x7ff75a88f058+11176]
	BaseThreadInitThunk [0x0x7ffa6e03259d+29]
	DummyExport [0x0x7ffa21b63aee+65726]
	RtlUserThreadStart [0x0x7ffa6e2eaf78+40]

	at java.base/jdk.internal.reflect.DirectConstructorHandleAccessor.newInstance(DirectConstructorHandleAccessor.java:62)
	at java.base/java.lang.reflect.Constructor.newInstanceWithCaller(Constructor.java:501)
	at java.base/java.lang.reflect.Constructor.newInstance(Constructor.java:485)
	at org.openqa.selenium.remote.W3CHandshakeResponse.lambda$errorHandler$0(W3CHandshakeResponse.java:62)
	at org.openqa.selenium.remote.HandshakeResponse.lambda$getResponseFunction$0(HandshakeResponse.java:30)
	at org.openqa.selenium.remote.ProtocolHandshake.lambda$createSession$0(ProtocolHandshake.java:126)
	at java.base/java.util.stream.ReferencePipeline$3$1.accept(ReferencePipeline.java:215)
	at java.base/java.util.Spliterators$ArraySpliterator.tryAdvance(Spliterators.java:1034)
	at java.base/java.util.stream.ReferencePipeline.forEachWithCancel(ReferencePipeline.java:147)
	at java.base/java.util.stream.AbstractPipeline.copyIntoWithCancel(AbstractPipeline.java:588)
	at java.base/java.util.stream.AbstractPipeline.copyInto(AbstractPipeline.java:574)
	at java.base/java.util.stream.AbstractPipeline.wrapAndCopyInto(AbstractPipeline.java:560)
	at java.base/java.util.stream.FindOps$FindOp.evaluateSequential(FindOps.java:150)
	at java.base/java.util.stream.AbstractPipeline.evaluate(AbstractPipeline.java:265)
	at java.base/java.util.stream.ReferencePipeline.findFirst(ReferencePipeline.java:687)
	at org.openqa.selenium.remote.ProtocolHandshake.createSession(ProtocolHandshake.java:128)
	at org.openqa.selenium.remote.ProtocolHandshake.createSession(ProtocolHandshake.java:74)
	at org.openqa.selenium.remote.HttpCommandExecutor.execute(HttpCommandExecutor.java:136)
	at org.openqa.selenium.remote.service.DriverCommandExecutor.execute(DriverCommandExecutor.java:83)
	at org.openqa.selenium.remote.RemoteWebDriver.execute(RemoteWebDriver.java:552)
	at org.openqa.selenium.remote.RemoteWebDriver.startSession(RemoteWebDriver.java:213)
	at org.openqa.selenium.remote.RemoteWebDriver.<init>(RemoteWebDriver.java:131)
	at org.openqa.selenium.chrome.ChromeDriver.<init>(ChromeDriver.java:181)
	at org.openqa.selenium.chrome.ChromeDriver.<init>(ChromeDriver.java:168)
	at org.openqa.selenium.chrome.ChromeDriver.<init>(ChromeDriver.java:123)
	at Com.AxisBankQA.Base.TestBase.CrossBrowserTesting(TestBase.java:18)
	at Com.AxisBank.QATest.TestCases.setup(TestCases.java:43)
	at java.base/jdk.internal.reflect.DirectMethodHandleAccessor.invoke(DirectMethodHandleAccessor.java:103)
	at java.base/java.lang.reflect.Method.invoke(Method.java:580)
	at org.testng.internal.MethodInvocationHelper.invokeMethod(MethodInvocationHelper.java:80)
	at org.testng.internal.Invoker.invokeConfigurationMethod(Invoker.java:525)
	at org.testng.internal.Invoker.invokeConfigurations(Invoker.java:202)
	at org.testng.internal.Invoker.invokeConfigurations(Invoker.java:130)
	at org.testng.internal.TestMethodWorker.invokeBeforeClassMethods(TestMethodWorker.java:173)
	at org.testng.internal.TestMethodWorker.run(TestMethodWorker.java:105)
	at org.testng.TestRunner.runWorkers(TestRunner.java:1178)
	at org.testng.TestRunner.privateRun(TestRunner.java:757)
	at org.testng.TestRunner.run(TestRunner.java:608)
	at org.testng.SuiteRunner.runTest(SuiteRunner.java:334)
	at org.testng.SuiteRunner.runSequentially(SuiteRunner.java:329)
	at org.testng.SuiteRunner.privateRun(SuiteRunner.java:291)
	at org.testng.SuiteRunner.run(SuiteRunner.java:240)
	at org.testng.SuiteRunnerWorker.runSuite(SuiteRunnerWorker.java:52)
	at org.testng.SuiteRunnerWorker.run(SuiteRunnerWorker.java:86)
	at org.testng.TestNG.runSuitesSequentially(TestNG.java:1158)
	at org.testng.TestNG.runSuitesLocally(TestNG.java:1083)
	at org.testng.TestNG.run(TestNG.java:999)
	at org.apache.maven.surefire.testng.TestNGExecutor.run(TestNGExecutor.java:178)
	at org.apache.maven.surefire.testng.TestNGXmlTestSuite.execute(TestNGXmlTestSuite.java:92)
	at org.apache.maven.surefire.testng.TestNGProvider.invoke(TestNGProvider.java:96)
	at java.base/jdk.internal.reflect.DirectMethodHandleAccessor.invoke(DirectMethodHandleAccessor.java:103)
	at java.base/java.lang.reflect.Method.invoke(Method.java:580)
	at org.apache.maven.surefire.util.ReflectionUtils.invokeMethodWithArray2(ReflectionUtils.java:208)
	at org.apache.maven.surefire.booter.ProviderFactory$ProviderProxy.invoke(ProviderFactory.java:159)
	at org.apache.maven.surefire.booter.ProviderFactory.invokeProvider(ProviderFactory.java:87)
	at org.apache.maven.surefire.booter.ForkedBooter.runSuitesInProcess(ForkedBooter.java:153)
	at org.apache.maven.surefire.booter.ForkedBooter.main(ForkedBooter.java:95)
]]>
    </failure>
  </testcase>
  <testcase classname="Com.AxisBank.QATest.TestCases" name="Verify_VKYC_Page_SendVKYC" time="0.000">
    <failure message="session not created: This version of ChromeDriver only supports Chrome version 140
Current browser version is 139.0.7258.155 with binary path C:\Program Files\Google\Chrome\Application\chrome.exe
Build info: version: &#039;3.141.59&#039;, revision: &#039;e82be7d358&#039;, time: &#039;2018-11-14T08:17:03&#039;
System info: host: &#039;LPT6849&#039;, ip: &#039;192.168.100.180&#039;, os.name: &#039;Windows 11&#039;, os.arch: &#039;amd64&#039;, os.version: &#039;10.0&#039;, java.version: &#039;23.0.1&#039;
Driver info: driver.version: ChromeDriver
remote stacktrace: 	GetHandleVerifier [0x0x7ff75a89fca5+79861]
	GetHandleVerifier [0x0x7ff75a89fd00+79952]
	(No symbol) [0x0x7ff75a61cada]
	(No symbol) [0x0x7ff75a661f94]
	(No symbol) [0x0x7ff75a660fac]
	(No symbol) [0x0x7ff75a65ab6a]
	(No symbol) [0x0x7ff75a656340]
	(No symbol) [0x0x7ff75a6aa84f]
	(No symbol) [0x0x7ff75a6a9fd0]
	(No symbol) [0x0x7ff75a69c8b3]
	(No symbol) [0x0x7ff75a665272]
	(No symbol) [0x0x7ff75a666043]
	GetHandleVerifier [0x0x7ff75ab5b9dd+2946349]
	GetHandleVerifier [0x0x7ff75ab55c5a+2922410]
	GetHandleVerifier [0x0x7ff75ab759e7+3052855]
	GetHandleVerifier [0x0x7ff75a8baa8e+189918]
	GetHandleVerifier [0x0x7ff75a8c2a2f+222591]
	GetHandleVerifier [0x0x7ff75a8a8ac4+116244]
	GetHandleVerifier [0x0x7ff75a8a8c79+116681]
	GetHandleVerifier [0x0x7ff75a88f058+11176]
	BaseThreadInitThunk [0x0x7ffa6e03259d+29]
	DummyExport [0x0x7ffa21b63aee+65726]
	RtlUserThreadStart [0x0x7ffa6e2eaf78+40]
" type="org.openqa.selenium.SessionNotCreatedException">
      <![CDATA[org.openqa.selenium.SessionNotCreatedException: session not created: This version of ChromeDriver only supports Chrome version 140
Current browser version is 139.0.7258.155 with binary path C:\Program Files\Google\Chrome\Application\chrome.exe
Build info: version: '3.141.59', revision: 'e82be7d358', time: '2018-11-14T08:17:03'
System info: host: 'LPT6849', ip: '192.168.100.180', os.name: 'Windows 11', os.arch: 'amd64', os.version: '10.0', java.version: '23.0.1'
Driver info: driver.version: ChromeDriver
remote stacktrace: 	GetHandleVerifier [0x0x7ff75a89fca5+79861]
	GetHandleVerifier [0x0x7ff75a89fd00+79952]
	(No symbol) [0x0x7ff75a61cada]
	(No symbol) [0x0x7ff75a661f94]
	(No symbol) [0x0x7ff75a660fac]
	(No symbol) [0x0x7ff75a65ab6a]
	(No symbol) [0x0x7ff75a656340]
	(No symbol) [0x0x7ff75a6aa84f]
	(No symbol) [0x0x7ff75a6a9fd0]
	(No symbol) [0x0x7ff75a69c8b3]
	(No symbol) [0x0x7ff75a665272]
	(No symbol) [0x0x7ff75a666043]
	GetHandleVerifier [0x0x7ff75ab5b9dd+2946349]
	GetHandleVerifier [0x0x7ff75ab55c5a+2922410]
	GetHandleVerifier [0x0x7ff75ab759e7+3052855]
	GetHandleVerifier [0x0x7ff75a8baa8e+189918]
	GetHandleVerifier [0x0x7ff75a8c2a2f+222591]
	GetHandleVerifier [0x0x7ff75a8a8ac4+116244]
	GetHandleVerifier [0x0x7ff75a8a8c79+116681]
	GetHandleVerifier [0x0x7ff75a88f058+11176]
	BaseThreadInitThunk [0x0x7ffa6e03259d+29]
	DummyExport [0x0x7ffa21b63aee+65726]
	RtlUserThreadStart [0x0x7ffa6e2eaf78+40]

	at java.base/jdk.internal.reflect.DirectConstructorHandleAccessor.newInstance(DirectConstructorHandleAccessor.java:62)
	at java.base/java.lang.reflect.Constructor.newInstanceWithCaller(Constructor.java:501)
	at java.base/java.lang.reflect.Constructor.newInstance(Constructor.java:485)
	at org.openqa.selenium.remote.W3CHandshakeResponse.lambda$errorHandler$0(W3CHandshakeResponse.java:62)
	at org.openqa.selenium.remote.HandshakeResponse.lambda$getResponseFunction$0(HandshakeResponse.java:30)
	at org.openqa.selenium.remote.ProtocolHandshake.lambda$createSession$0(ProtocolHandshake.java:126)
	at java.base/java.util.stream.ReferencePipeline$3$1.accept(ReferencePipeline.java:215)
	at java.base/java.util.Spliterators$ArraySpliterator.tryAdvance(Spliterators.java:1034)
	at java.base/java.util.stream.ReferencePipeline.forEachWithCancel(ReferencePipeline.java:147)
	at java.base/java.util.stream.AbstractPipeline.copyIntoWithCancel(AbstractPipeline.java:588)
	at java.base/java.util.stream.AbstractPipeline.copyInto(AbstractPipeline.java:574)
	at java.base/java.util.stream.AbstractPipeline.wrapAndCopyInto(AbstractPipeline.java:560)
	at java.base/java.util.stream.FindOps$FindOp.evaluateSequential(FindOps.java:150)
	at java.base/java.util.stream.AbstractPipeline.evaluate(AbstractPipeline.java:265)
	at java.base/java.util.stream.ReferencePipeline.findFirst(ReferencePipeline.java:687)
	at org.openqa.selenium.remote.ProtocolHandshake.createSession(ProtocolHandshake.java:128)
	at org.openqa.selenium.remote.ProtocolHandshake.createSession(ProtocolHandshake.java:74)
	at org.openqa.selenium.remote.HttpCommandExecutor.execute(HttpCommandExecutor.java:136)
	at org.openqa.selenium.remote.service.DriverCommandExecutor.execute(DriverCommandExecutor.java:83)
	at org.openqa.selenium.remote.RemoteWebDriver.execute(RemoteWebDriver.java:552)
	at org.openqa.selenium.remote.RemoteWebDriver.startSession(RemoteWebDriver.java:213)
	at org.openqa.selenium.remote.RemoteWebDriver.<init>(RemoteWebDriver.java:131)
	at org.openqa.selenium.chrome.ChromeDriver.<init>(ChromeDriver.java:181)
	at org.openqa.selenium.chrome.ChromeDriver.<init>(ChromeDriver.java:168)
	at org.openqa.selenium.chrome.ChromeDriver.<init>(ChromeDriver.java:123)
	at Com.AxisBankQA.Base.TestBase.CrossBrowserTesting(TestBase.java:18)
	at Com.AxisBank.QATest.TestCases.setup(TestCases.java:43)
	at java.base/jdk.internal.reflect.DirectMethodHandleAccessor.invoke(DirectMethodHandleAccessor.java:103)
	at java.base/java.lang.reflect.Method.invoke(Method.java:580)
	at org.testng.internal.MethodInvocationHelper.invokeMethod(MethodInvocationHelper.java:80)
	at org.testng.internal.Invoker.invokeConfigurationMethod(Invoker.java:525)
	at org.testng.internal.Invoker.invokeConfigurations(Invoker.java:202)
	at org.testng.internal.Invoker.invokeConfigurations(Invoker.java:130)
	at org.testng.internal.TestMethodWorker.invokeBeforeClassMethods(TestMethodWorker.java:173)
	at org.testng.internal.TestMethodWorker.run(TestMethodWorker.java:105)
	at org.testng.TestRunner.runWorkers(TestRunner.java:1178)
	at org.testng.TestRunner.privateRun(TestRunner.java:757)
	at org.testng.TestRunner.run(TestRunner.java:608)
	at org.testng.SuiteRunner.runTest(SuiteRunner.java:334)
	at org.testng.SuiteRunner.runSequentially(SuiteRunner.java:329)
	at org.testng.SuiteRunner.privateRun(SuiteRunner.java:291)
	at org.testng.SuiteRunner.run(SuiteRunner.java:240)
	at org.testng.SuiteRunnerWorker.runSuite(SuiteRunnerWorker.java:52)
	at org.testng.SuiteRunnerWorker.run(SuiteRunnerWorker.java:86)
	at org.testng.TestNG.runSuitesSequentially(TestNG.java:1158)
	at org.testng.TestNG.runSuitesLocally(TestNG.java:1083)
	at org.testng.TestNG.run(TestNG.java:999)
	at org.apache.maven.surefire.testng.TestNGExecutor.run(TestNGExecutor.java:178)
	at org.apache.maven.surefire.testng.TestNGXmlTestSuite.execute(TestNGXmlTestSuite.java:92)
	at org.apache.maven.surefire.testng.TestNGProvider.invoke(TestNGProvider.java:96)
	at java.base/jdk.internal.reflect.DirectMethodHandleAccessor.invoke(DirectMethodHandleAccessor.java:103)
	at java.base/java.lang.reflect.Method.invoke(Method.java:580)
	at org.apache.maven.surefire.util.ReflectionUtils.invokeMethodWithArray2(ReflectionUtils.java:208)
	at org.apache.maven.surefire.booter.ProviderFactory$ProviderProxy.invoke(ProviderFactory.java:159)
	at org.apache.maven.surefire.booter.ProviderFactory.invokeProvider(ProviderFactory.java:87)
	at org.apache.maven.surefire.booter.ForkedBooter.runSuitesInProcess(ForkedBooter.java:153)
	at org.apache.maven.surefire.booter.ForkedBooter.main(ForkedBooter.java:95)
]]>
    </failure>
  </testcase>
  <testcase classname="Com.AxisBank.QATest.TestCases" name="Verify_VKYC_Page_Verification_Via_Video" time="0.000">
    <failure message="session not created: This version of ChromeDriver only supports Chrome version 140
Current browser version is 139.0.7258.155 with binary path C:\Program Files\Google\Chrome\Application\chrome.exe
Build info: version: &#039;3.141.59&#039;, revision: &#039;e82be7d358&#039;, time: &#039;2018-11-14T08:17:03&#039;
System info: host: &#039;LPT6849&#039;, ip: &#039;192.168.100.180&#039;, os.name: &#039;Windows 11&#039;, os.arch: &#039;amd64&#039;, os.version: &#039;10.0&#039;, java.version: &#039;23.0.1&#039;
Driver info: driver.version: ChromeDriver
remote stacktrace: 	GetHandleVerifier [0x0x7ff75a89fca5+79861]
	GetHandleVerifier [0x0x7ff75a89fd00+79952]
	(No symbol) [0x0x7ff75a61cada]
	(No symbol) [0x0x7ff75a661f94]
	(No symbol) [0x0x7ff75a660fac]
	(No symbol) [0x0x7ff75a65ab6a]
	(No symbol) [0x0x7ff75a656340]
	(No symbol) [0x0x7ff75a6aa84f]
	(No symbol) [0x0x7ff75a6a9fd0]
	(No symbol) [0x0x7ff75a69c8b3]
	(No symbol) [0x0x7ff75a665272]
	(No symbol) [0x0x7ff75a666043]
	GetHandleVerifier [0x0x7ff75ab5b9dd+2946349]
	GetHandleVerifier [0x0x7ff75ab55c5a+2922410]
	GetHandleVerifier [0x0x7ff75ab759e7+3052855]
	GetHandleVerifier [0x0x7ff75a8baa8e+189918]
	GetHandleVerifier [0x0x7ff75a8c2a2f+222591]
	GetHandleVerifier [0x0x7ff75a8a8ac4+116244]
	GetHandleVerifier [0x0x7ff75a8a8c79+116681]
	GetHandleVerifier [0x0x7ff75a88f058+11176]
	BaseThreadInitThunk [0x0x7ffa6e03259d+29]
	DummyExport [0x0x7ffa21b63aee+65726]
	RtlUserThreadStart [0x0x7ffa6e2eaf78+40]
" type="org.openqa.selenium.SessionNotCreatedException">
      <![CDATA[org.openqa.selenium.SessionNotCreatedException: session not created: This version of ChromeDriver only supports Chrome version 140
Current browser version is 139.0.7258.155 with binary path C:\Program Files\Google\Chrome\Application\chrome.exe
Build info: version: '3.141.59', revision: 'e82be7d358', time: '2018-11-14T08:17:03'
System info: host: 'LPT6849', ip: '192.168.100.180', os.name: 'Windows 11', os.arch: 'amd64', os.version: '10.0', java.version: '23.0.1'
Driver info: driver.version: ChromeDriver
remote stacktrace: 	GetHandleVerifier [0x0x7ff75a89fca5+79861]
	GetHandleVerifier [0x0x7ff75a89fd00+79952]
	(No symbol) [0x0x7ff75a61cada]
	(No symbol) [0x0x7ff75a661f94]
	(No symbol) [0x0x7ff75a660fac]
	(No symbol) [0x0x7ff75a65ab6a]
	(No symbol) [0x0x7ff75a656340]
	(No symbol) [0x0x7ff75a6aa84f]
	(No symbol) [0x0x7ff75a6a9fd0]
	(No symbol) [0x0x7ff75a69c8b3]
	(No symbol) [0x0x7ff75a665272]
	(No symbol) [0x0x7ff75a666043]
	GetHandleVerifier [0x0x7ff75ab5b9dd+2946349]
	GetHandleVerifier [0x0x7ff75ab55c5a+2922410]
	GetHandleVerifier [0x0x7ff75ab759e7+3052855]
	GetHandleVerifier [0x0x7ff75a8baa8e+189918]
	GetHandleVerifier [0x0x7ff75a8c2a2f+222591]
	GetHandleVerifier [0x0x7ff75a8a8ac4+116244]
	GetHandleVerifier [0x0x7ff75a8a8c79+116681]
	GetHandleVerifier [0x0x7ff75a88f058+11176]
	BaseThreadInitThunk [0x0x7ffa6e03259d+29]
	DummyExport [0x0x7ffa21b63aee+65726]
	RtlUserThreadStart [0x0x7ffa6e2eaf78+40]

	at java.base/jdk.internal.reflect.DirectConstructorHandleAccessor.newInstance(DirectConstructorHandleAccessor.java:62)
	at java.base/java.lang.reflect.Constructor.newInstanceWithCaller(Constructor.java:501)
	at java.base/java.lang.reflect.Constructor.newInstance(Constructor.java:485)
	at org.openqa.selenium.remote.W3CHandshakeResponse.lambda$errorHandler$0(W3CHandshakeResponse.java:62)
	at org.openqa.selenium.remote.HandshakeResponse.lambda$getResponseFunction$0(HandshakeResponse.java:30)
	at org.openqa.selenium.remote.ProtocolHandshake.lambda$createSession$0(ProtocolHandshake.java:126)
	at java.base/java.util.stream.ReferencePipeline$3$1.accept(ReferencePipeline.java:215)
	at java.base/java.util.Spliterators$ArraySpliterator.tryAdvance(Spliterators.java:1034)
	at java.base/java.util.stream.ReferencePipeline.forEachWithCancel(ReferencePipeline.java:147)
	at java.base/java.util.stream.AbstractPipeline.copyIntoWithCancel(AbstractPipeline.java:588)
	at java.base/java.util.stream.AbstractPipeline.copyInto(AbstractPipeline.java:574)
	at java.base/java.util.stream.AbstractPipeline.wrapAndCopyInto(AbstractPipeline.java:560)
	at java.base/java.util.stream.FindOps$FindOp.evaluateSequential(FindOps.java:150)
	at java.base/java.util.stream.AbstractPipeline.evaluate(AbstractPipeline.java:265)
	at java.base/java.util.stream.ReferencePipeline.findFirst(ReferencePipeline.java:687)
	at org.openqa.selenium.remote.ProtocolHandshake.createSession(ProtocolHandshake.java:128)
	at org.openqa.selenium.remote.ProtocolHandshake.createSession(ProtocolHandshake.java:74)
	at org.openqa.selenium.remote.HttpCommandExecutor.execute(HttpCommandExecutor.java:136)
	at org.openqa.selenium.remote.service.DriverCommandExecutor.execute(DriverCommandExecutor.java:83)
	at org.openqa.selenium.remote.RemoteWebDriver.execute(RemoteWebDriver.java:552)
	at org.openqa.selenium.remote.RemoteWebDriver.startSession(RemoteWebDriver.java:213)
	at org.openqa.selenium.remote.RemoteWebDriver.<init>(RemoteWebDriver.java:131)
	at org.openqa.selenium.chrome.ChromeDriver.<init>(ChromeDriver.java:181)
	at org.openqa.selenium.chrome.ChromeDriver.<init>(ChromeDriver.java:168)
	at org.openqa.selenium.chrome.ChromeDriver.<init>(ChromeDriver.java:123)
	at Com.AxisBankQA.Base.TestBase.CrossBrowserTesting(TestBase.java:18)
	at Com.AxisBank.QATest.TestCases.setup(TestCases.java:43)
	at java.base/jdk.internal.reflect.DirectMethodHandleAccessor.invoke(DirectMethodHandleAccessor.java:103)
	at java.base/java.lang.reflect.Method.invoke(Method.java:580)
	at org.testng.internal.MethodInvocationHelper.invokeMethod(MethodInvocationHelper.java:80)
	at org.testng.internal.Invoker.invokeConfigurationMethod(Invoker.java:525)
	at org.testng.internal.Invoker.invokeConfigurations(Invoker.java:202)
	at org.testng.internal.Invoker.invokeConfigurations(Invoker.java:130)
	at org.testng.internal.TestMethodWorker.invokeBeforeClassMethods(TestMethodWorker.java:173)
	at org.testng.internal.TestMethodWorker.run(TestMethodWorker.java:105)
	at org.testng.TestRunner.runWorkers(TestRunner.java:1178)
	at org.testng.TestRunner.privateRun(TestRunner.java:757)
	at org.testng.TestRunner.run(TestRunner.java:608)
	at org.testng.SuiteRunner.runTest(SuiteRunner.java:334)
	at org.testng.SuiteRunner.runSequentially(SuiteRunner.java:329)
	at org.testng.SuiteRunner.privateRun(SuiteRunner.java:291)
	at org.testng.SuiteRunner.run(SuiteRunner.java:240)
	at org.testng.SuiteRunnerWorker.runSuite(SuiteRunnerWorker.java:52)
	at org.testng.SuiteRunnerWorker.run(SuiteRunnerWorker.java:86)
	at org.testng.TestNG.runSuitesSequentially(TestNG.java:1158)
	at org.testng.TestNG.runSuitesLocally(TestNG.java:1083)
	at org.testng.TestNG.run(TestNG.java:999)
	at org.apache.maven.surefire.testng.TestNGExecutor.run(TestNGExecutor.java:178)
	at org.apache.maven.surefire.testng.TestNGXmlTestSuite.execute(TestNGXmlTestSuite.java:92)
	at org.apache.maven.surefire.testng.TestNGProvider.invoke(TestNGProvider.java:96)
	at java.base/jdk.internal.reflect.DirectMethodHandleAccessor.invoke(DirectMethodHandleAccessor.java:103)
	at java.base/java.lang.reflect.Method.invoke(Method.java:580)
	at org.apache.maven.surefire.util.ReflectionUtils.invokeMethodWithArray2(ReflectionUtils.java:208)
	at org.apache.maven.surefire.booter.ProviderFactory$ProviderProxy.invoke(ProviderFactory.java:159)
	at org.apache.maven.surefire.booter.ProviderFactory.invokeProvider(ProviderFactory.java:87)
	at org.apache.maven.surefire.booter.ForkedBooter.runSuitesInProcess(ForkedBooter.java:153)
	at org.apache.maven.surefire.booter.ForkedBooter.main(ForkedBooter.java:95)
]]>
    </failure>
  </testcase>
  <testcase classname="Com.AxisBank.QATest.TestCases" name="Verify_ApplicationDetailsPage_PersoanlDetails" time="0.000">
    <failure message="session not created: This version of ChromeDriver only supports Chrome version 140
Current browser version is 139.0.7258.155 with binary path C:\Program Files\Google\Chrome\Application\chrome.exe
Build info: version: &#039;3.141.59&#039;, revision: &#039;e82be7d358&#039;, time: &#039;2018-11-14T08:17:03&#039;
System info: host: &#039;LPT6849&#039;, ip: &#039;192.168.100.180&#039;, os.name: &#039;Windows 11&#039;, os.arch: &#039;amd64&#039;, os.version: &#039;10.0&#039;, java.version: &#039;23.0.1&#039;
Driver info: driver.version: ChromeDriver
remote stacktrace: 	GetHandleVerifier [0x0x7ff75a89fca5+79861]
	GetHandleVerifier [0x0x7ff75a89fd00+79952]
	(No symbol) [0x0x7ff75a61cada]
	(No symbol) [0x0x7ff75a661f94]
	(No symbol) [0x0x7ff75a660fac]
	(No symbol) [0x0x7ff75a65ab6a]
	(No symbol) [0x0x7ff75a656340]
	(No symbol) [0x0x7ff75a6aa84f]
	(No symbol) [0x0x7ff75a6a9fd0]
	(No symbol) [0x0x7ff75a69c8b3]
	(No symbol) [0x0x7ff75a665272]
	(No symbol) [0x0x7ff75a666043]
	GetHandleVerifier [0x0x7ff75ab5b9dd+2946349]
	GetHandleVerifier [0x0x7ff75ab55c5a+2922410]
	GetHandleVerifier [0x0x7ff75ab759e7+3052855]
	GetHandleVerifier [0x0x7ff75a8baa8e+189918]
	GetHandleVerifier [0x0x7ff75a8c2a2f+222591]
	GetHandleVerifier [0x0x7ff75a8a8ac4+116244]
	GetHandleVerifier [0x0x7ff75a8a8c79+116681]
	GetHandleVerifier [0x0x7ff75a88f058+11176]
	BaseThreadInitThunk [0x0x7ffa6e03259d+29]
	DummyExport [0x0x7ffa21b63aee+65726]
	RtlUserThreadStart [0x0x7ffa6e2eaf78+40]
" type="org.openqa.selenium.SessionNotCreatedException">
      <![CDATA[org.openqa.selenium.SessionNotCreatedException: session not created: This version of ChromeDriver only supports Chrome version 140
Current browser version is 139.0.7258.155 with binary path C:\Program Files\Google\Chrome\Application\chrome.exe
Build info: version: '3.141.59', revision: 'e82be7d358', time: '2018-11-14T08:17:03'
System info: host: 'LPT6849', ip: '192.168.100.180', os.name: 'Windows 11', os.arch: 'amd64', os.version: '10.0', java.version: '23.0.1'
Driver info: driver.version: ChromeDriver
remote stacktrace: 	GetHandleVerifier [0x0x7ff75a89fca5+79861]
	GetHandleVerifier [0x0x7ff75a89fd00+79952]
	(No symbol) [0x0x7ff75a61cada]
	(No symbol) [0x0x7ff75a661f94]
	(No symbol) [0x0x7ff75a660fac]
	(No symbol) [0x0x7ff75a65ab6a]
	(No symbol) [0x0x7ff75a656340]
	(No symbol) [0x0x7ff75a6aa84f]
	(No symbol) [0x0x7ff75a6a9fd0]
	(No symbol) [0x0x7ff75a69c8b3]
	(No symbol) [0x0x7ff75a665272]
	(No symbol) [0x0x7ff75a666043]
	GetHandleVerifier [0x0x7ff75ab5b9dd+2946349]
	GetHandleVerifier [0x0x7ff75ab55c5a+2922410]
	GetHandleVerifier [0x0x7ff75ab759e7+3052855]
	GetHandleVerifier [0x0x7ff75a8baa8e+189918]
	GetHandleVerifier [0x0x7ff75a8c2a2f+222591]
	GetHandleVerifier [0x0x7ff75a8a8ac4+116244]
	GetHandleVerifier [0x0x7ff75a8a8c79+116681]
	GetHandleVerifier [0x0x7ff75a88f058+11176]
	BaseThreadInitThunk [0x0x7ffa6e03259d+29]
	DummyExport [0x0x7ffa21b63aee+65726]
	RtlUserThreadStart [0x0x7ffa6e2eaf78+40]

	at java.base/jdk.internal.reflect.DirectConstructorHandleAccessor.newInstance(DirectConstructorHandleAccessor.java:62)
	at java.base/java.lang.reflect.Constructor.newInstanceWithCaller(Constructor.java:501)
	at java.base/java.lang.reflect.Constructor.newInstance(Constructor.java:485)
	at org.openqa.selenium.remote.W3CHandshakeResponse.lambda$errorHandler$0(W3CHandshakeResponse.java:62)
	at org.openqa.selenium.remote.HandshakeResponse.lambda$getResponseFunction$0(HandshakeResponse.java:30)
	at org.openqa.selenium.remote.ProtocolHandshake.lambda$createSession$0(ProtocolHandshake.java:126)
	at java.base/java.util.stream.ReferencePipeline$3$1.accept(ReferencePipeline.java:215)
	at java.base/java.util.Spliterators$ArraySpliterator.tryAdvance(Spliterators.java:1034)
	at java.base/java.util.stream.ReferencePipeline.forEachWithCancel(ReferencePipeline.java:147)
	at java.base/java.util.stream.AbstractPipeline.copyIntoWithCancel(AbstractPipeline.java:588)
	at java.base/java.util.stream.AbstractPipeline.copyInto(AbstractPipeline.java:574)
	at java.base/java.util.stream.AbstractPipeline.wrapAndCopyInto(AbstractPipeline.java:560)
	at java.base/java.util.stream.FindOps$FindOp.evaluateSequential(FindOps.java:150)
	at java.base/java.util.stream.AbstractPipeline.evaluate(AbstractPipeline.java:265)
	at java.base/java.util.stream.ReferencePipeline.findFirst(ReferencePipeline.java:687)
	at org.openqa.selenium.remote.ProtocolHandshake.createSession(ProtocolHandshake.java:128)
	at org.openqa.selenium.remote.ProtocolHandshake.createSession(ProtocolHandshake.java:74)
	at org.openqa.selenium.remote.HttpCommandExecutor.execute(HttpCommandExecutor.java:136)
	at org.openqa.selenium.remote.service.DriverCommandExecutor.execute(DriverCommandExecutor.java:83)
	at org.openqa.selenium.remote.RemoteWebDriver.execute(RemoteWebDriver.java:552)
	at org.openqa.selenium.remote.RemoteWebDriver.startSession(RemoteWebDriver.java:213)
	at org.openqa.selenium.remote.RemoteWebDriver.<init>(RemoteWebDriver.java:131)
	at org.openqa.selenium.chrome.ChromeDriver.<init>(ChromeDriver.java:181)
	at org.openqa.selenium.chrome.ChromeDriver.<init>(ChromeDriver.java:168)
	at org.openqa.selenium.chrome.ChromeDriver.<init>(ChromeDriver.java:123)
	at Com.AxisBankQA.Base.TestBase.CrossBrowserTesting(TestBase.java:18)
	at Com.AxisBank.QATest.TestCases.setup(TestCases.java:43)
	at java.base/jdk.internal.reflect.DirectMethodHandleAccessor.invoke(DirectMethodHandleAccessor.java:103)
	at java.base/java.lang.reflect.Method.invoke(Method.java:580)
	at org.testng.internal.MethodInvocationHelper.invokeMethod(MethodInvocationHelper.java:80)
	at org.testng.internal.Invoker.invokeConfigurationMethod(Invoker.java:525)
	at org.testng.internal.Invoker.invokeConfigurations(Invoker.java:202)
	at org.testng.internal.Invoker.invokeConfigurations(Invoker.java:130)
	at org.testng.internal.TestMethodWorker.invokeBeforeClassMethods(TestMethodWorker.java:173)
	at org.testng.internal.TestMethodWorker.run(TestMethodWorker.java:105)
	at org.testng.TestRunner.runWorkers(TestRunner.java:1178)
	at org.testng.TestRunner.privateRun(TestRunner.java:757)
	at org.testng.TestRunner.run(TestRunner.java:608)
	at org.testng.SuiteRunner.runTest(SuiteRunner.java:334)
	at org.testng.SuiteRunner.runSequentially(SuiteRunner.java:329)
	at org.testng.SuiteRunner.privateRun(SuiteRunner.java:291)
	at org.testng.SuiteRunner.run(SuiteRunner.java:240)
	at org.testng.SuiteRunnerWorker.runSuite(SuiteRunnerWorker.java:52)
	at org.testng.SuiteRunnerWorker.run(SuiteRunnerWorker.java:86)
	at org.testng.TestNG.runSuitesSequentially(TestNG.java:1158)
	at org.testng.TestNG.runSuitesLocally(TestNG.java:1083)
	at org.testng.TestNG.run(TestNG.java:999)
	at org.apache.maven.surefire.testng.TestNGExecutor.run(TestNGExecutor.java:178)
	at org.apache.maven.surefire.testng.TestNGXmlTestSuite.execute(TestNGXmlTestSuite.java:92)
	at org.apache.maven.surefire.testng.TestNGProvider.invoke(TestNGProvider.java:96)
	at java.base/jdk.internal.reflect.DirectMethodHandleAccessor.invoke(DirectMethodHandleAccessor.java:103)
	at java.base/java.lang.reflect.Method.invoke(Method.java:580)
	at org.apache.maven.surefire.util.ReflectionUtils.invokeMethodWithArray2(ReflectionUtils.java:208)
	at org.apache.maven.surefire.booter.ProviderFactory$ProviderProxy.invoke(ProviderFactory.java:159)
	at org.apache.maven.surefire.booter.ProviderFactory.invokeProvider(ProviderFactory.java:87)
	at org.apache.maven.surefire.booter.ForkedBooter.runSuitesInProcess(ForkedBooter.java:153)
	at org.apache.maven.surefire.booter.ForkedBooter.main(ForkedBooter.java:95)
]]>
    </failure>
  </testcase>
  <testcase classname="Com.AxisBank.QATest.TestCases" name="Verify_Funding_Page" time="0.000">
    <failure message="session not created: This version of ChromeDriver only supports Chrome version 140
Current browser version is 139.0.7258.155 with binary path C:\Program Files\Google\Chrome\Application\chrome.exe
Build info: version: &#039;3.141.59&#039;, revision: &#039;e82be7d358&#039;, time: &#039;2018-11-14T08:17:03&#039;
System info: host: &#039;LPT6849&#039;, ip: &#039;192.168.100.180&#039;, os.name: &#039;Windows 11&#039;, os.arch: &#039;amd64&#039;, os.version: &#039;10.0&#039;, java.version: &#039;23.0.1&#039;
Driver info: driver.version: ChromeDriver
remote stacktrace: 	GetHandleVerifier [0x0x7ff75a89fca5+79861]
	GetHandleVerifier [0x0x7ff75a89fd00+79952]
	(No symbol) [0x0x7ff75a61cada]
	(No symbol) [0x0x7ff75a661f94]
	(No symbol) [0x0x7ff75a660fac]
	(No symbol) [0x0x7ff75a65ab6a]
	(No symbol) [0x0x7ff75a656340]
	(No symbol) [0x0x7ff75a6aa84f]
	(No symbol) [0x0x7ff75a6a9fd0]
	(No symbol) [0x0x7ff75a69c8b3]
	(No symbol) [0x0x7ff75a665272]
	(No symbol) [0x0x7ff75a666043]
	GetHandleVerifier [0x0x7ff75ab5b9dd+2946349]
	GetHandleVerifier [0x0x7ff75ab55c5a+2922410]
	GetHandleVerifier [0x0x7ff75ab759e7+3052855]
	GetHandleVerifier [0x0x7ff75a8baa8e+189918]
	GetHandleVerifier [0x0x7ff75a8c2a2f+222591]
	GetHandleVerifier [0x0x7ff75a8a8ac4+116244]
	GetHandleVerifier [0x0x7ff75a8a8c79+116681]
	GetHandleVerifier [0x0x7ff75a88f058+11176]
	BaseThreadInitThunk [0x0x7ffa6e03259d+29]
	DummyExport [0x0x7ffa21b63aee+65726]
	RtlUserThreadStart [0x0x7ffa6e2eaf78+40]
" type="org.openqa.selenium.SessionNotCreatedException">
      <![CDATA[org.openqa.selenium.SessionNotCreatedException: session not created: This version of ChromeDriver only supports Chrome version 140
Current browser version is 139.0.7258.155 with binary path C:\Program Files\Google\Chrome\Application\chrome.exe
Build info: version: '3.141.59', revision: 'e82be7d358', time: '2018-11-14T08:17:03'
System info: host: 'LPT6849', ip: '192.168.100.180', os.name: 'Windows 11', os.arch: 'amd64', os.version: '10.0', java.version: '23.0.1'
Driver info: driver.version: ChromeDriver
remote stacktrace: 	GetHandleVerifier [0x0x7ff75a89fca5+79861]
	GetHandleVerifier [0x0x7ff75a89fd00+79952]
	(No symbol) [0x0x7ff75a61cada]
	(No symbol) [0x0x7ff75a661f94]
	(No symbol) [0x0x7ff75a660fac]
	(No symbol) [0x0x7ff75a65ab6a]
	(No symbol) [0x0x7ff75a656340]
	(No symbol) [0x0x7ff75a6aa84f]
	(No symbol) [0x0x7ff75a6a9fd0]
	(No symbol) [0x0x7ff75a69c8b3]
	(No symbol) [0x0x7ff75a665272]
	(No symbol) [0x0x7ff75a666043]
	GetHandleVerifier [0x0x7ff75ab5b9dd+2946349]
	GetHandleVerifier [0x0x7ff75ab55c5a+2922410]
	GetHandleVerifier [0x0x7ff75ab759e7+3052855]
	GetHandleVerifier [0x0x7ff75a8baa8e+189918]
	GetHandleVerifier [0x0x7ff75a8c2a2f+222591]
	GetHandleVerifier [0x0x7ff75a8a8ac4+116244]
	GetHandleVerifier [0x0x7ff75a8a8c79+116681]
	GetHandleVerifier [0x0x7ff75a88f058+11176]
	BaseThreadInitThunk [0x0x7ffa6e03259d+29]
	DummyExport [0x0x7ffa21b63aee+65726]
	RtlUserThreadStart [0x0x7ffa6e2eaf78+40]

	at java.base/jdk.internal.reflect.DirectConstructorHandleAccessor.newInstance(DirectConstructorHandleAccessor.java:62)
	at java.base/java.lang.reflect.Constructor.newInstanceWithCaller(Constructor.java:501)
	at java.base/java.lang.reflect.Constructor.newInstance(Constructor.java:485)
	at org.openqa.selenium.remote.W3CHandshakeResponse.lambda$errorHandler$0(W3CHandshakeResponse.java:62)
	at org.openqa.selenium.remote.HandshakeResponse.lambda$getResponseFunction$0(HandshakeResponse.java:30)
	at org.openqa.selenium.remote.ProtocolHandshake.lambda$createSession$0(ProtocolHandshake.java:126)
	at java.base/java.util.stream.ReferencePipeline$3$1.accept(ReferencePipeline.java:215)
	at java.base/java.util.Spliterators$ArraySpliterator.tryAdvance(Spliterators.java:1034)
	at java.base/java.util.stream.ReferencePipeline.forEachWithCancel(ReferencePipeline.java:147)
	at java.base/java.util.stream.AbstractPipeline.copyIntoWithCancel(AbstractPipeline.java:588)
	at java.base/java.util.stream.AbstractPipeline.copyInto(AbstractPipeline.java:574)
	at java.base/java.util.stream.AbstractPipeline.wrapAndCopyInto(AbstractPipeline.java:560)
	at java.base/java.util.stream.FindOps$FindOp.evaluateSequential(FindOps.java:150)
	at java.base/java.util.stream.AbstractPipeline.evaluate(AbstractPipeline.java:265)
	at java.base/java.util.stream.ReferencePipeline.findFirst(ReferencePipeline.java:687)
	at org.openqa.selenium.remote.ProtocolHandshake.createSession(ProtocolHandshake.java:128)
	at org.openqa.selenium.remote.ProtocolHandshake.createSession(ProtocolHandshake.java:74)
	at org.openqa.selenium.remote.HttpCommandExecutor.execute(HttpCommandExecutor.java:136)
	at org.openqa.selenium.remote.service.DriverCommandExecutor.execute(DriverCommandExecutor.java:83)
	at org.openqa.selenium.remote.RemoteWebDriver.execute(RemoteWebDriver.java:552)
	at org.openqa.selenium.remote.RemoteWebDriver.startSession(RemoteWebDriver.java:213)
	at org.openqa.selenium.remote.RemoteWebDriver.<init>(RemoteWebDriver.java:131)
	at org.openqa.selenium.chrome.ChromeDriver.<init>(ChromeDriver.java:181)
	at org.openqa.selenium.chrome.ChromeDriver.<init>(ChromeDriver.java:168)
	at org.openqa.selenium.chrome.ChromeDriver.<init>(ChromeDriver.java:123)
	at Com.AxisBankQA.Base.TestBase.CrossBrowserTesting(TestBase.java:18)
	at Com.AxisBank.QATest.TestCases.setup(TestCases.java:43)
	at java.base/jdk.internal.reflect.DirectMethodHandleAccessor.invoke(DirectMethodHandleAccessor.java:103)
	at java.base/java.lang.reflect.Method.invoke(Method.java:580)
	at org.testng.internal.MethodInvocationHelper.invokeMethod(MethodInvocationHelper.java:80)
	at org.testng.internal.Invoker.invokeConfigurationMethod(Invoker.java:525)
	at org.testng.internal.Invoker.invokeConfigurations(Invoker.java:202)
	at org.testng.internal.Invoker.invokeConfigurations(Invoker.java:130)
	at org.testng.internal.TestMethodWorker.invokeBeforeClassMethods(TestMethodWorker.java:173)
	at org.testng.internal.TestMethodWorker.run(TestMethodWorker.java:105)
	at org.testng.TestRunner.runWorkers(TestRunner.java:1178)
	at org.testng.TestRunner.privateRun(TestRunner.java:757)
	at org.testng.TestRunner.run(TestRunner.java:608)
	at org.testng.SuiteRunner.runTest(SuiteRunner.java:334)
	at org.testng.SuiteRunner.runSequentially(SuiteRunner.java:329)
	at org.testng.SuiteRunner.privateRun(SuiteRunner.java:291)
	at org.testng.SuiteRunner.run(SuiteRunner.java:240)
	at org.testng.SuiteRunnerWorker.runSuite(SuiteRunnerWorker.java:52)
	at org.testng.SuiteRunnerWorker.run(SuiteRunnerWorker.java:86)
	at org.testng.TestNG.runSuitesSequentially(TestNG.java:1158)
	at org.testng.TestNG.runSuitesLocally(TestNG.java:1083)
	at org.testng.TestNG.run(TestNG.java:999)
	at org.apache.maven.surefire.testng.TestNGExecutor.run(TestNGExecutor.java:178)
	at org.apache.maven.surefire.testng.TestNGXmlTestSuite.execute(TestNGXmlTestSuite.java:92)
	at org.apache.maven.surefire.testng.TestNGProvider.invoke(TestNGProvider.java:96)
	at java.base/jdk.internal.reflect.DirectMethodHandleAccessor.invoke(DirectMethodHandleAccessor.java:103)
	at java.base/java.lang.reflect.Method.invoke(Method.java:580)
	at org.apache.maven.surefire.util.ReflectionUtils.invokeMethodWithArray2(ReflectionUtils.java:208)
	at org.apache.maven.surefire.booter.ProviderFactory$ProviderProxy.invoke(ProviderFactory.java:159)
	at org.apache.maven.surefire.booter.ProviderFactory.invokeProvider(ProviderFactory.java:87)
	at org.apache.maven.surefire.booter.ForkedBooter.runSuitesInProcess(ForkedBooter.java:153)
	at org.apache.maven.surefire.booter.ForkedBooter.main(ForkedBooter.java:95)
]]>
    </failure>
  </testcase>
  <testcase classname="Com.AxisBank.QATest.TestCases" name="Verify_ApplicationDetailsPage_DebitCardDetails" time="0.000">
    <failure message="session not created: This version of ChromeDriver only supports Chrome version 140
Current browser version is 139.0.7258.155 with binary path C:\Program Files\Google\Chrome\Application\chrome.exe
Build info: version: &#039;3.141.59&#039;, revision: &#039;e82be7d358&#039;, time: &#039;2018-11-14T08:17:03&#039;
System info: host: &#039;LPT6849&#039;, ip: &#039;192.168.100.180&#039;, os.name: &#039;Windows 11&#039;, os.arch: &#039;amd64&#039;, os.version: &#039;10.0&#039;, java.version: &#039;23.0.1&#039;
Driver info: driver.version: ChromeDriver
remote stacktrace: 	GetHandleVerifier [0x0x7ff75a89fca5+79861]
	GetHandleVerifier [0x0x7ff75a89fd00+79952]
	(No symbol) [0x0x7ff75a61cada]
	(No symbol) [0x0x7ff75a661f94]
	(No symbol) [0x0x7ff75a660fac]
	(No symbol) [0x0x7ff75a65ab6a]
	(No symbol) [0x0x7ff75a656340]
	(No symbol) [0x0x7ff75a6aa84f]
	(No symbol) [0x0x7ff75a6a9fd0]
	(No symbol) [0x0x7ff75a69c8b3]
	(No symbol) [0x0x7ff75a665272]
	(No symbol) [0x0x7ff75a666043]
	GetHandleVerifier [0x0x7ff75ab5b9dd+2946349]
	GetHandleVerifier [0x0x7ff75ab55c5a+2922410]
	GetHandleVerifier [0x0x7ff75ab759e7+3052855]
	GetHandleVerifier [0x0x7ff75a8baa8e+189918]
	GetHandleVerifier [0x0x7ff75a8c2a2f+222591]
	GetHandleVerifier [0x0x7ff75a8a8ac4+116244]
	GetHandleVerifier [0x0x7ff75a8a8c79+116681]
	GetHandleVerifier [0x0x7ff75a88f058+11176]
	BaseThreadInitThunk [0x0x7ffa6e03259d+29]
	DummyExport [0x0x7ffa21b63aee+65726]
	RtlUserThreadStart [0x0x7ffa6e2eaf78+40]
" type="org.openqa.selenium.SessionNotCreatedException">
      <![CDATA[org.openqa.selenium.SessionNotCreatedException: session not created: This version of ChromeDriver only supports Chrome version 140
Current browser version is 139.0.7258.155 with binary path C:\Program Files\Google\Chrome\Application\chrome.exe
[...]
	at org.openqa.selenium.remote.W3CHandshakeResponse.lambda$errorHandler$0(W3CHandshakeResponse.java:62)
	at org.openqa.selenium.remote.HandshakeResponse.lambda$getResponseFunction$0(HandshakeResponse.java:30)
	at org.openqa.selenium.remote.ProtocolHandshake.lambda$createSession$0(ProtocolHandshake.java:126)
	at java.base/java.util.stream.ReferencePipeline$3$1.accept(ReferencePipeline.java:215)
	at java.base/java.util.Spliterators$ArraySpliterator.tryAdvance(Spliterators.java:1034)
	at java.base/java.util.stream.ReferencePipeline.forEachWithCancel(ReferencePipeline.java:147)
	at java.base/java.util.stream.AbstractPipeline.copyIntoWithCancel(AbstractPipeline.java:588)
	at java.base/java.util.stream.AbstractPipeline.copyInto(AbstractPipeline.java:574)
	at java.base/java.util.stream.AbstractPipeline.wrapAndCopyInto(AbstractPipeline.java:560)
	at java.base/java.util.stream.FindOps$FindOp.evaluateSequential(FindOps.java:150)
	at java.base/java.util.stream.AbstractPipeline.evaluate(AbstractPipeline.java:265)
	at java.base/java.util.stream.ReferencePipeline.findFirst(ReferencePipeline.java:687)
	at org.openqa.selenium.remote.ProtocolHandshake.createSession(ProtocolHandshake.java:128)
	at org.openqa.selenium.remote.ProtocolHandshake.createSession(ProtocolHandshake.java:74)
	at org.openqa.selenium.remote.HttpCommandExecutor.execute(HttpCommandExecutor.java:136)
	at org.openqa.selenium.remote.service.DriverCommandExecutor.execute(DriverCommandExecutor.java:83)
	at org.openqa.selenium.remote.RemoteWebDriver.execute(RemoteWebDriver.java:552)
	at org.openqa.selenium.remote.RemoteWebDriver.startSession(RemoteWebDriver.java:213)
	at org.openqa.selenium.remote.RemoteWebDriver.<init>(RemoteWebDriver.java:131)
	at org.openqa.selenium.chrome.ChromeDriver.<init>(ChromeDriver.java:181)
	at org.openqa.selenium.chrome.ChromeDriver.<init>(ChromeDriver.java:168)
	at org.openqa.selenium.chrome.ChromeDriver.<init>(ChromeDriver.java:123)
	at Com.AxisBankQA.Base.TestBase.CrossBrowserTesting(TestBase.java:18)
	at Com.AxisBank.QATest.TestCases.setup(TestCases.java:43)
	at java.base/jdk.internal.reflect.DirectMethodHandleAccessor.invoke(DirectMethodHandleAccessor.java:103)
	at java.base/java.lang.reflect.Method.invoke(Method.java:580)
	at org.testng.internal.MethodInvocationHelper.invokeMethod(MethodInvocationHelper.java:80)
	at org.testng.internal.Invoker.invokeConfigurationMethod(Invoker.java:525)
	at org.testng.internal.Invoker.invokeConfigurations(Invoker.java:202)
	at org.testng.internal.Invoker.invokeConfigurations(Invoker.java:130)
	at org.testng.internal.TestMethodWorker.invokeBeforeClassMethods(TestMethodWorker.java:173)
	at org.testng.internal.TestMethodWorker.run(TestMethodWorker.java:105)
	at org.testng.TestRunner.runWorkers(TestRunner.java:1178)
	at org.testng.TestRunner.privateRun(TestRunner.java:757)
	at org.testng.TestRunner.run(TestRunner.java:608)
	at org.testng.SuiteRunner.runTest(SuiteRunner.java:334)
	at org.testng.SuiteRunner.runSequentially(SuiteRunner.java:329)
	at org.testng.SuiteRunner.privateRun(SuiteRunner.java:291)
	at org.testng.SuiteRunner.run(SuiteRunner.java:240)
	at org.testng.SuiteRunnerWorker.runSuite(SuiteRunnerWorker.java:52)
	at org.testng.SuiteRunnerWorker.run(SuiteRunnerWorker.java:86)
	at org.testng.TestNG.runSuitesSequentially(TestNG.java:1158)
	at org.testng.TestNG.runSuitesLocally(TestNG.java:1083)
	at org.testng.TestNG.run(TestNG.java:999)
	at org.apache.maven.surefire.testng.TestNGExecutor.run(TestNGExecutor.java:178)
	at org.apache.maven.surefire.testng.TestNGXmlTestSuite.execute(TestNGXmlTestSuite.java:92)
	at org.apache.maven.surefire.testng.TestNGProvider.invoke(TestNGProvider.java:96)
	at java.base/jdk.internal.reflect.DirectMethodHandleAccessor.invoke(DirectMethodHandleAccessor.java:103)
	at java.base/java.lang.reflect.Method.invoke(Method.java:580)
	at org.apache.maven.surefire.util.ReflectionUtils.invokeMethodWithArray2(ReflectionUtils.java:208)
	at org.apache.maven.surefire.booter.ProviderFactory$ProviderProxy.invoke(ProviderFactory.java:159)
	at org.apache.maven.surefire.booter.ProviderFactory.invokeProvider(ProviderFactory.java:87)
	at org.apache.maven.surefire.booter.ForkedBooter.runSuitesInProcess(ForkedBooter.java:153)
	at org.apache.maven.surefire.booter.ForkedBooter.main(ForkedBooter.java:95)
]]>
    </failure>
  </testcase>
  <testcase classname="Com.AxisBank.QATest.TestCases" name="KYC_ScreenTest_Positive" time="0.000">
    <failure message="session not created: This version of ChromeDriver only supports Chrome version 140
Current browser version is 139.0.7258.155 with binary path C:\Program Files\Google\Chrome\Application\chrome.exe
Build info: version: &#039;3.141.59&#039;, revision: &#039;e82be7d358&#039;, time: &#039;2018-11-14T08:17:03&#039;
System info: host: &#039;LPT6849&#039;, ip: &#039;192.168.100.180&#039;, os.name: &#039;Windows 11&#039;, os.arch: &#039;amd64&#039;, os.version: &#039;10.0&#039;, java.version: &#039;23.0.1&#039;
Driver info: driver.version: ChromeDriver
remote stacktrace: 	GetHandleVerifier [0x0x7ff75a89fca5+79861]
	GetHandleVerifier [0x0x7ff75a89fd00+79952]
	(No symbol) [0x0x7ff75a61cada]
	(No symbol) [0x0x7ff75a661f94]
	(No symbol) [0x0x7ff75a660fac]
	(No symbol) [0x0x7ff75a65ab6a]
	(No symbol) [0x0x7ff75a656340]
	(No symbol) [0x0x7ff75a6aa84f]
	(No symbol) [0x0x7ff75a6a9fd0]
	(No symbol) [0x0x7ff75a69c8b3]
	(No symbol) [0x0x7ff75a665272]
	(No symbol) [0x0x7ff75a666043]
	GetHandleVerifier [0x0x7ff75ab5b9dd+2946349]
	GetHandleVerifier [0x0x7ff75ab55c5a+2922410]
	GetHandleVerifier [0x0x7ff75ab759e7+3052855]
	GetHandleVerifier [0x0x7ff75a8baa8e+189918]
	GetHandleVerifier [0x0x7ff75a8c2a2f+222591]
	GetHandleVerifier [0x0x7ff75a8a8ac4+116244]
	GetHandleVerifier [0x0x7ff75a8a8c79+116681]
	GetHandleVerifier [0x0x7ff75a88f058+11176]
	BaseThreadInitThunk [0x0x7ffa6e03259d+29]
	DummyExport [0x0x7ffa21b63aee+65726]
	RtlUserThreadStart [0x0x7ffa6e2eaf78+40]
" type="org.openqa.selenium.SessionNotCreatedException">
      <![CDATA[org.openqa.selenium.SessionNotCreatedException: session not created: This version of ChromeDriver only supports Chrome version 140
Current browser version is 139.0.7258.155 with binary path C:\Program Files\Google\Chrome\Application\chrome.exe
Build info: version: '3.141.59', revision: 'e82be7d358', time: '2018-11-14T08:17:03'
System info: host: 'LPT6849', ip: '192.168.100.180', os.name: 'Windows 11', os.arch: 'amd64', os.version: '10.0', java.version: '23.0.1'
Driver info: driver.version: ChromeDriver
remote stacktrace: 	GetHandleVerifier [0x0x7ff75a89fca5+79861]
	GetHandleVerifier [0x0x7ff75a89fd00+79952]
	(No symbol) [0x0x7ff75a61cada]
	(No symbol) [0x0x7ff75a661f94]
	(No symbol) [0x0x7ff75a660fac]
	(No symbol) [0x0x7ff75a65ab6a]
	(No symbol) [0x0x7ff75a656340]
	(No symbol) [0x0x7ff75a6aa84f]
	(No symbol) [0x0x7ff75a6a9fd0]
	(No symbol) [0x0x7ff75a69c8b3]
	(No symbol) [0x0x7ff75a665272]
	(No symbol) [0x0x7ff75a666043]
	GetHandleVerifier [0x0x7ff75ab5b9dd+2946349]
	GetHandleVerifier [0x0x7ff75ab55c5a+2922410]
	GetHandleVerifier [0x0x7ff75ab759e7+3052855]
	GetHandleVerifier [0x0x7ff75a8baa8e+189918]
	GetHandleVerifier [0x0x7ff75a8c2a2f+222591]
	GetHandleVerifier [0x0x7ff75a8a8ac4+116244]
	GetHandleVerifier [0x0x7ff75a8a8c79+116681]
	GetHandleVerifier [0x0x7ff75a88f058+11176]
	BaseThreadInitThunk [0x0x7ffa6e03259d+29]
	DummyExport [0x0x7ffa21b63aee+65726]
	RtlUserThreadStart [0x0x7ffa6e2eaf78+40]

	at java.base/jdk.internal.reflect.DirectConstructorHandleAccessor.newInstance(DirectConstructorHandleAccessor.java:62)
	at java.base/java.lang.reflect.Constructor.newInstanceWithCaller(Constructor.java:501)
	at java.base/java.lang.reflect.Constructor.newInstance(Constructor.java:485)
	at org.openqa.selenium.remote.W3CHandshakeResponse.lambda$errorHandler$0(W3CHandshakeResponse.java:62)
	at org.openqa.selenium.remote.HandshakeResponse.lambda$getResponseFunction$0(HandshakeResponse.java:30)
	at org.openqa.selenium.remote.ProtocolHandshake.lambda$createSession$0(ProtocolHandshake.java:126)
	at java.base/java.util.stream.ReferencePipeline$3$1.accept(ReferencePipeline.java:215)
	at java.base/java.util.Spliterators$ArraySpliterator.tryAdvance(Spliterators.java:1034)
	at java.base/java.util.stream.ReferencePipeline.forEachWithCancel(ReferencePipeline.java:147)
	at java.base/java.util.stream.AbstractPipeline.copyIntoWithCancel(AbstractPipeline.java:588)
	at java.base/java.util.stream.AbstractPipeline.copyInto(AbstractPipeline.java:574)
	at java.base/java.util.stream.AbstractPipeline.wrapAndCopyInto(AbstractPipeline.java:560)
	at java.base/java.util.stream.FindOps$FindOp.evaluateSequential(FindOps.java:150)
	at java.base/java.util.stream.AbstractPipeline.evaluate(AbstractPipeline.java:265)
	at java.base/java.util.stream.ReferencePipeline.findFirst(ReferencePipeline.java:687)
	at org.openqa.selenium.remote.ProtocolHandshake.createSession(ProtocolHandshake.java:128)
	at org.openqa.selenium.remote.ProtocolHandshake.createSession(ProtocolHandshake.java:74)
	at org.openqa.selenium.remote.HttpCommandExecutor.execute(HttpCommandExecutor.java:136)
	at org.openqa.selenium.remote.service.DriverCommandExecutor.execute(DriverCommandExecutor.java:83)
	at org.openqa.selenium.remote.RemoteWebDriver.execute(RemoteWebDriver.java:552)
	at org.openqa.selenium.remote.RemoteWebDriver.startSession(RemoteWebDriver.java:213)
	at org.openqa.selenium.remote.RemoteWebDriver.<init>(RemoteWebDriver.java:131)
	at org.openqa.selenium.chrome.ChromeDriver.<init>(ChromeDriver.java:181)
	at org.openqa.selenium.chrome.ChromeDriver.<init>(ChromeDriver.java:168)
	at org.openqa.selenium.chrome.ChromeDriver.<init>(ChromeDriver.java:123)
	at Com.AxisBankQA.Base.TestBase.CrossBrowserTesting(TestBase.java:18)
	at Com.AxisBank.QATest.TestCases.setup(TestCases.java:43)
	at java.base/jdk.internal.reflect.DirectMethodHandleAccessor.invoke(DirectMethodHandleAccessor.java:103)
	at java.base/java.lang.reflect.Method.invoke(Method.java:580)
	at org.testng.internal.MethodInvocationHelper.invokeMethod(MethodInvocationHelper.java:80)
	at org.testng.internal.Invoker.invokeConfigurationMethod(Invoker.java:525)
	at org.testng.internal.Invoker.invokeConfigurations(Invoker.java:202)
	at org.testng.internal.Invoker.invokeConfigurations(Invoker.java:130)
	at org.testng.internal.TestMethodWorker.invokeBeforeClassMethods(TestMethodWorker.java:173)
	at org.testng.internal.TestMethodWorker.run(TestMethodWorker.java:105)
	at org.testng.TestRunner.runWorkers(TestRunner.java:1178)
	at org.testng.TestRunner.privateRun(TestRunner.java:757)
	at org.testng.TestRunner.run(TestRunner.java:608)
	at org.testng.SuiteRunner.runTest(SuiteRunner.java:334)
	at org.testng.SuiteRunner.runSequentially(SuiteRunner.java:329)
	at org.testng.SuiteRunner.privateRun(SuiteRunner.java:291)
	at org.testng.SuiteRunner.run(SuiteRunner.java:240)
	at org.testng.SuiteRunnerWorker.runSuite(SuiteRunnerWorker.java:52)
	at org.testng.SuiteRunnerWorker.run(SuiteRunnerWorker.java:86)
	at org.testng.TestNG.runSuitesSequentially(TestNG.java:1158)
	at org.testng.TestNG.runSuitesLocally(TestNG.java:1083)
	at org.testng.TestNG.run(TestNG.java:999)
	at org.apache.maven.surefire.testng.TestNGExecutor.run(TestNGExecutor.java:178)
	at org.apache.maven.surefire.testng.TestNGXmlTestSuite.execute(TestNGXmlTestSuite.java:92)
	at org.apache.maven.surefire.testng.TestNGProvider.invoke(TestNGProvider.java:96)
	at java.base/jdk.internal.reflect.DirectMethodHandleAccessor.invoke(DirectMethodHandleAccessor.java:103)
	at java.base/java.lang.reflect.Method.invoke(Method.java:580)
	at org.apache.maven.surefire.util.ReflectionUtils.invokeMethodWithArray2(ReflectionUtils.java:208)
	at org.apache.maven.surefire.booter.ProviderFactory$ProviderProxy.invoke(ProviderFactory.java:159)
	at org.apache.maven.surefire.booter.ProviderFactory.invokeProvider(ProviderFactory.java:87)
	at org.apache.maven.surefire.booter.ForkedBooter.runSuitesInProcess(ForkedBooter.java:153)
	at org.apache.maven.surefire.booter.ForkedBooter.main(ForkedBooter.java:95)
]]>
    </failure>
  </testcase>
  <testcase classname="Com.AxisBank.QATest.TestCases" name="Verify_ApplicationDetailsPage_AddNominee" time="0.000">
    <failure message="session not created: This version of ChromeDriver only supports Chrome version 140
Current browser version is 139.0.7258.155 with binary path C:\Program Files\Google\Chrome\Application\chrome.exe
Build info: version: &#039;3.141.59&#039;, revision: &#039;e82be7d358&#039;, time: &#039;2018-11-14T08:17:03&#039;
System info: host: &#039;LPT6849&#039;, ip: &#039;192.168.100.180&#039;, os.name: &#039;Windows 11&#039;, os.arch: &#039;amd64&#039;, os.version: &#039;10.0&#039;, java.version: &#039;23.0.1&#039;
Driver info: driver.version: ChromeDriver
remote stacktrace: 	GetHandleVerifier [0x0x7ff75a89fca5+79861]
	GetHandleVerifier [0x0x7ff75a89fd00+79952]
	(No symbol) [0x0x7ff75a61cada]
	(No symbol) [0x0x7ff75a661f94]
	(No symbol) [0x0x7ff75a660fac]
	(No symbol) [0x0x7ff75a65ab6a]
	(No symbol) [0x0x7ff75a656340]
	(No symbol) [0x0x7ff75a6aa84f]
	(No symbol) [0x0x7ff75a6a9fd0]
	(No symbol) [0x0x7ff75a69c8b3]
	(No symbol) [0x0x7ff75a665272]
	(No symbol) [0x0x7ff75a666043]
	GetHandleVerifier [0x0x7ff75ab5b9dd+2946349]
	GetHandleVerifier [0x0x7ff75ab55c5a+2922410]
	GetHandleVerifier [0x0x7ff75ab759e7+3052855]
	GetHandleVerifier [0x0x7ff75a8baa8e+189918]
	GetHandleVerifier [0x0x7ff75a8c2a2f+222591]
	GetHandleVerifier [0x0x7ff75a8a8ac4+116244]
	GetHandleVerifier [0x0x7ff75a8a8c79+116681]
	GetHandleVerifier [0x0x7ff75a88f058+11176]
	BaseThreadInitThunk [0x0x7ffa6e03259d+29]
	DummyExport [0x0x7ffa21b63aee+65726]
	RtlUserThreadStart [0x0x7ffa6e2eaf78+40]
" type="org.openqa.selenium.SessionNotCreatedException">
      <![CDATA[org.openqa.selenium.SessionNotCreatedException: session not created: This version of ChromeDriver only supports Chrome version 140
Current browser version is 139.0.7258.155 with binary path C:\Program Files\Google\Chrome\Application\chrome.exe
Build info: version: '3.141.59', revision: 'e82be7d358', time: '2018-11-14T08:17:03'
System info: host: 'LPT6849', ip: '192.168.100.180', os.name: 'Windows 11', os.arch: 'amd64', os.version: '10.0', java.version: '23.0.1'
Driver info: driver.version: ChromeDriver
remote stacktrace: 	GetHandleVerifier [0x0x7ff75a89fca5+79861]
	GetHandleVerifier [0x0x7ff75a89fd00+79952]
	(No symbol) [0x0x7ff75a61cada]
	(No symbol) [0x0x7ff75a661f94]
	(No symbol) [0x0x7ff75a660fac]
	(No symbol) [0x0x7ff75a65ab6a]
	(No symbol) [0x0x7ff75a656340]
	(No symbol) [0x0x7ff75a6aa84f]
	(No symbol) [0x0x7ff75a6a9fd0]
	(No symbol) [0x0x7ff75a69c8b3]
	(No symbol) [0x0x7ff75a665272]
	(No symbol) [0x0x7ff75a666043]
	GetHandleVerifier [0x0x7ff75ab5b9dd+2946349]
	GetHandleVerifier [0x0x7ff75ab55c5a+2922410]
	GetHandleVerifier [0x0x7ff75ab759e7+3052855]
	GetHandleVerifier [0x0x7ff75a8baa8e+189918]
	GetHandleVerifier [0x0x7ff75a8c2a2f+222591]
	GetHandleVerifier [0x0x7ff75a8a8ac4+116244]
	GetHandleVerifier [0x0x7ff75a8a8c79+116681]
	GetHandleVerifier [0x0x7ff75a88f058+11176]
	BaseThreadInitThunk [0x0x7ffa6e03259d+29]
	DummyExport [0x0x7ffa21b63aee+65726]
	RtlUserThreadStart [0x0x7ffa6e2eaf78+40]

	at java.base/jdk.internal.reflect.DirectConstructorHandleAccessor.newInstance(DirectConstructorHandleAccessor.java:62)
	at java.base/java.lang.reflect.Constructor.newInstanceWithCaller(Constructor.java:501)
	at java.base/java.lang.reflect.Constructor.newInstance(Constructor.java:485)
	at org.openqa.selenium.remote.W3CHandshakeResponse.lambda$errorHandler$0(W3CHandshakeResponse.java:62)
	at org.openqa.selenium.remote.HandshakeResponse.lambda$getResponseFunction$0(HandshakeResponse.java:30)
	at org.openqa.selenium.remote.ProtocolHandshake.lambda$createSession$0(ProtocolHandshake.java:126)
	at java.base/java.util.stream.ReferencePipeline$3$1.accept(ReferencePipeline.java:215)
	at java.base/java.util.Spliterators$ArraySpliterator.tryAdvance(Spliterators.java:1034)
	at java.base/java.util.stream.ReferencePipeline.forEachWithCancel(ReferencePipeline.java:147)
	at java.base/java.util.stream.AbstractPipeline.copyIntoWithCancel(AbstractPipeline.java:588)
	at java.base/java.util.stream.AbstractPipeline.copyInto(AbstractPipeline.java:574)
	at java.base/java.util.stream.AbstractPipeline.wrapAndCopyInto(AbstractPipeline.java:560)
	at java.base/java.util.stream.FindOps$FindOp.evaluateSequential(FindOps.java:150)
	at java.base/java.util.stream.AbstractPipeline.evaluate(AbstractPipeline.java:265)
	at java.base/java.util.stream.ReferencePipeline.findFirst(ReferencePipeline.java:687)
	at org.openqa.selenium.remote.ProtocolHandshake.createSession(ProtocolHandshake.java:128)
	at org.openqa.selenium.remote.ProtocolHandshake.createSession(ProtocolHandshake.java:74)
	at org.openqa.selenium.remote.HttpCommandExecutor.execute(HttpCommandExecutor.java:136)
	at org.openqa.selenium.remote.service.DriverCommandExecutor.execute(DriverCommandExecutor.java:83)
	at org.openqa.selenium.remote.RemoteWebDriver.execute(RemoteWebDriver.java:552)
	at org.openqa.selenium.remote.RemoteWebDriver.startSession(RemoteWebDriver.java:213)
	at org.openqa.selenium.remote.RemoteWebDriver.<init>(RemoteWebDriver.java:131)
	at org.openqa.selenium.chrome.ChromeDriver.<init>(ChromeDriver.java:181)
	at org.openqa.selenium.chrome.ChromeDriver.<init>(ChromeDriver.java:168)
	at org.openqa.selenium.chrome.ChromeDriver.<init>(ChromeDriver.java:123)
	at Com.AxisBankQA.Base.TestBase.CrossBrowserTesting(TestBase.java:18)
	at Com.AxisBank.QATest.TestCases.setup(TestCases.java:43)
	at java.base/jdk.internal.reflect.DirectMethodHandleAccessor.invoke(DirectMethodHandleAccessor.java:103)
	at java.base/java.lang.reflect.Method.invoke(Method.java:580)
	at org.testng.internal.MethodInvocationHelper.invokeMethod(MethodInvocationHelper.java:80)
	at org.testng.internal.Invoker.invokeConfigurationMethod(Invoker.java:525)
	at org.testng.internal.Invoker.invokeConfigurations(Invoker.java:202)
	at org.testng.internal.Invoker.invokeConfigurations(Invoker.java:130)
	at org.testng.internal.TestMethodWorker.invokeBeforeClassMethods(TestMethodWorker.java:173)
	at org.testng.internal.TestMethodWorker.run(TestMethodWorker.java:105)
	at org.testng.TestRunner.runWorkers(TestRunner.java:1178)
	at org.testng.TestRunner.privateRun(TestRunner.java:757)
	at org.testng.TestRunner.run(TestRunner.java:608)
	at org.testng.SuiteRunner.runTest(SuiteRunner.java:334)
	at org.testng.SuiteRunner.runSequentially(SuiteRunner.java:329)
	at org.testng.SuiteRunner.privateRun(SuiteRunner.java:291)
	at org.testng.SuiteRunner.run(SuiteRunner.java:240)
	at org.testng.SuiteRunnerWorker.runSuite(SuiteRunnerWorker.java:52)
	at org.testng.SuiteRunnerWorker.run(SuiteRunnerWorker.java:86)
	at org.testng.TestNG.runSuitesSequentially(TestNG.java:1158)
	at org.testng.TestNG.runSuitesLocally(TestNG.java:1083)
	at org.testng.TestNG.run(TestNG.java:999)
	at org.apache.maven.surefire.testng.TestNGExecutor.run(TestNGExecutor.java:178)
	at org.apache.maven.surefire.testng.TestNGXmlTestSuite.execute(TestNGXmlTestSuite.java:92)
	at org.apache.maven.surefire.testng.TestNGProvider.invoke(TestNGProvider.java:96)
	at java.base/jdk.internal.reflect.DirectMethodHandleAccessor.invoke(DirectMethodHandleAccessor.java:103)
	at java.base/java.lang.reflect.Method.invoke(Method.java:580)
	at org.apache.maven.surefire.util.ReflectionUtils.invokeMethodWithArray2(ReflectionUtils.java:208)
	at org.apache.maven.surefire.booter.ProviderFactory$ProviderProxy.invoke(ProviderFactory.java:159)
	at org.apache.maven.surefire.booter.ProviderFactory.invokeProvider(ProviderFactory.java:87)
	at org.apache.maven.surefire.booter.ForkedBooter.runSuitesInProcess(ForkedBooter.java:153)
	at org.apache.maven.surefire.booter.ForkedBooter.main(ForkedBooter.java:95)
]]>
    </failure>
  </testcase>
</testsuite>
